#
# There is insufficient memory for the Java Runtime Environment to continue.
# Native memory allocation (mmap) failed to map 65011712 bytes for Failed to commit area from 0x000000009fa00000 to 0x00000000a3800000 of length 65011712.
# Possible reasons:
#   The system is out of physical RAM or swap space
#   The process is running with CompressedOops enabled, and the Java Heap may be blocking the growth of the native heap
# Possible solutions:
#   Reduce memory load on the system
#   Increase physical memory or swap space
#   Check if swap backing store is full
#   Decrease Java heap size (-Xmx/-Xms)
#   Decrease number of Java threads
#   Decrease Java thread stack sizes (-Xss)
#   Set larger code cache with -XX:ReservedCodeCacheSize=
#   JVM is running with Unscaled Compressed Oops mode in which the Java heap is
#     placed in the first 4GB address space. The Java Heap base address is the
#     maximum limit for the native heap growth. Please use -XX:HeapBaseMinAddress
#     to set the Java Heap base and to place the Java Heap above 4GB virtual address.
# This output file may be truncated or incomplete.
#
#  Out of Memory Error (./open/src/hotspot/os/windows/os_windows.cpp:3293), pid=2484, tid=14136
#
# JRE version: Java(TM) SE Runtime Environment 18.9 (11.0.20+9) (build 11.0.20+9-LTS-256)
# Java VM: Java HotSpot(TM) 64-Bit Server VM 18.9 (11.0.20+9-LTS-256, mixed mode, tiered, compressed oops, g1 gc, windows-amd64)
# No core dump will be written. Minidumps are not enabled by default on client versions of Windows
#

---------------  S U M M A R Y ------------

Command Line: -Dmaven.multiModuleProjectDirectory=D:\magnaedu\msisms-api org.apache.maven.wrapper.MavenWrapperMain -Dnetbeans.deploy.debugmode=true -Dnetbeans.deploy=true -DskipTests=true -Dnetbeans.deploy.clientUrlPart=/ -Dexec.vmArgs= -Dexec.appArgs= -Dmaven.ext.class.path=C:\Program Files\NetBeans-19\netbeans\java\maven-nblib\netbeans-eventspy.jar -Dfile.encoding=UTF-8 --no-transfer-progress package

Host: AMD Ryzen 3 5300U with Radeon Graphics         , 8 cores, 7G,  Windows 11 , 64 bit Build 22621 (10.0.22621.3672)
Time: Wed Jun 19 09:33:10 2024 SE Asia Standard Time elapsed time: 19.088119 seconds (0d 0h 0m 19s)

---------------  T H R E A D  ---------------

Current thread (0x000002a75656a800):  VMThread "VM Thread" [stack: 0x000000d745100000,0x000000d745200000] [id=14136]

Stack: [0x000000d745100000,0x000000d745200000]
[error occurred during error reporting (printing stack bounds), id 0xc0000005, EXCEPTION_ACCESS_VIOLATION (0xc0000005) at pc=0x000002a740230f2d]

Native frames: (J=compiled Java code, j=interpreted, Vv=VM code, C=native code)
V  [jvm.dll+0x6602ba]
V  [jvm.dll+0x7a32af]
V  [jvm.dll+0x7a4979]
V  [jvm.dll+0x7a4f75]
V  [jvm.dll+0x7a4f2b]
V  [jvm.dll+0x65f7c3]
V  [jvm.dll+0x65feb8]
C  [ntdll.dll+0xa504f]
C  [ntdll.dll+0x1e866]
C  [ntdll.dll+0xa403e]
C  0x000002a740230f2d

VM_Operation (0x000000d744bfa690): G1CollectForAllocation, mode: safepoint, requested by thread 0x000002a738b54000


---------------  P R O C E S S  ---------------

Threads class SMR info:
_java_thread_list=0x000002a757930840, length=12, elements={
0x000002a738b54000, 0x000002a75656c000, 0x000002a75656d000, 0x000002a756585000,
0x000002a756587000, 0x000002a756589000, 0x000002a75658c000, 0x000002a75658d800,
0x000002a75659a000, 0x000002a75704e000, 0x000002a75aa91800, 0x000002a75b318800
}

Java Threads: ( => current thread )
  0x000002a738b54000 JavaThread "main" [_thread_blocked, id=20672, stack(0x000000d744b00000,0x000000d744c00000)]
  0x000002a75656c000 JavaThread "Reference Handler" daemon [_thread_blocked, id=21608, stack(0x000000d745200000,0x000000d745300000)]
  0x000002a75656d000 JavaThread "Finalizer" daemon [_thread_blocked, id=23028, stack(0x000000d745300000,0x000000d745400000)]
  0x000002a756585000 JavaThread "Signal Dispatcher" daemon [_thread_blocked, id=9460, stack(0x000000d745400000,0x000000d745500000)]
  0x000002a756587000 JavaThread "Attach Listener" daemon [_thread_blocked, id=13324, stack(0x000000d745500000,0x000000d745600000)]
  0x000002a756589000 JavaThread "Service Thread" daemon [_thread_blocked, id=21996, stack(0x000000d745600000,0x000000d745700000)]
  0x000002a75658c000 JavaThread "C2 CompilerThread0" daemon [_thread_blocked, id=4816, stack(0x000000d745700000,0x000000d745800000)]
  0x000002a75658d800 JavaThread "C1 CompilerThread0" daemon [_thread_blocked, id=23128, stack(0x000000d745800000,0x000000d745900000)]
  0x000002a75659a000 JavaThread "Sweeper thread" daemon [_thread_blocked, id=19996, stack(0x000000d745900000,0x000000d745a00000)]
  0x000002a75704e000 JavaThread "Common-Cleaner" daemon [_thread_blocked, id=4944, stack(0x000000d745b00000,0x000000d745c00000)]
  0x000002a75aa91800 JavaThread "C2 CompilerThread1" daemon [_thread_blocked, id=2756, stack(0x000000d745d00000,0x000000d745e00000)]
  0x000002a75b318800 JavaThread "C2 CompilerThread2" daemon [_thread_blocked, id=22564, stack(0x000000d746000000,0x000000d746100000)]

Other Threads:
=>0x000002a75656a800 VMThread "VM Thread" [stack: 0x000000d745100000,0x000000d745200000] [id=14136]
  0x000002a75704d000 WatcherThread [stack: 0x000000d745a00000,0x000000d745b00000] [id=1432]
  0x000002a738b6b000 GCTaskThread "GC Thread#0" [stack: 0x000000d744c00000,0x000000d744d00000] [id=16292]
  0x000002a7580e8800 GCTaskThread "GC Thread#1" [stack: 0x000000d745e00000,0x000000d745f00000] [id=21816]
  0x000002a7585c7000 GCTaskThread "GC Thread#2" [stack: 0x000000d745c00000,0x000000d745d00000] [id=7052]
  0x000002a75e120000 GCTaskThread "GC Thread#3" [stack: 0x000000d746400000,0x000000d746500000] [id=9540]
  0x000002a75b4d2800 GCTaskThread "GC Thread#4" [stack: 0x000000d746500000,0x000000d746600000] [id=3136]
  0x000002a75e701800 GCTaskThread "GC Thread#5" [stack: 0x000000d746800000,0x000000d746900000] [id=21152]
  0x000002a757f47000 GCTaskThread "GC Thread#6" [stack: 0x000000d746900000,0x000000d746a00000] [id=9240]
  0x000002a75abba800 GCTaskThread "GC Thread#7" [stack: 0x000000d746a00000,0x000000d746b00000] [id=3220]
  0x000002a738b97800 ConcurrentGCThread "G1 Main Marker" [stack: 0x000000d744d00000,0x000000d744e00000] [id=22364]
  0x000002a738b9a800 ConcurrentGCThread "G1 Conc#0" [stack: 0x000000d744e00000,0x000000d744f00000] [id=14956]
  0x000002a758a08800 ConcurrentGCThread "G1 Conc#1" [stack: 0x000000d745f00000,0x000000d746000000] [id=2144]
  0x000002a738c1e000 ConcurrentGCThread "G1 Refine#0" [stack: 0x000000d744f00000,0x000000d745000000] [id=23476]
  0x000002a7592b1800 ConcurrentGCThread "G1 Refine#1" [stack: 0x000000d746100000,0x000000d746200000] [id=16848]
  0x000002a7592b2800 ConcurrentGCThread "G1 Refine#2" [stack: 0x000000d746200000,0x000000d746300000] [id=23548]
  0x000002a7582a9000 ConcurrentGCThread "G1 Refine#3" [stack: 0x000000d746300000,0x000000d746400000] [id=22276]
  0x000002a759dd7000 ConcurrentGCThread "G1 Refine#4" [stack: 0x000000d746600000,0x000000d746700000] [id=23532]
  0x000002a75b1cb000 ConcurrentGCThread "G1 Refine#5" [stack: 0x000000d746700000,0x000000d746800000] [id=4692]
  0x000002a7563b0800 ConcurrentGCThread "G1 Young RemSet Sampling" [stack: 0x000000d745000000,0x000000d745100000] [id=18032]

Threads with active compile tasks:
C2 CompilerThread0    19119 11937       4       com.sun.tools.javac.comp.Attr::visitApply (824 bytes)
C1 CompilerThread0    19119 11963       3       com.sun.tools.javac.comp.TransTypes::translateArgs (152 bytes)
C2 CompilerThread1    19119 11936       4       com.sun.tools.javac.comp.Attr::checkIdInternal (762 bytes)
C2 CompilerThread2    19119 11865       4       com.sun.tools.javac.comp.Lower::boxIfNeeded (107 bytes)

VM state:at safepoint (normal execution)

VM Mutex/Monitor currently owned by a thread:  ([mutex/lock_event])
[0x000002a738b4fd30] Threads_lock - owner thread: 0x000002a75656a800
[0x000002a738b51290] Heap_lock - owner thread: 0x000002a738b54000

Heap address: 0x000000008ac00000, size: 1876 MB, Compressed Oops mode: 32-bit
Narrow klass base: 0x0000000000000000, Narrow klass shift: 3
Compressed class space size: 1073741824 Address: 0x0000000100000000

Heap:
 garbage-first heap   total 405504K, used 157859K [0x000000008ac00000, 0x0000000100000000)
  region size 1024K, 10 young (10240K), 10 survivors (10240K)
 Metaspace       used 49393K, capacity 50311K, committed 50608K, reserved 1095680K
  class space    used 4976K, capacity 5299K, committed 5376K, reserved 1048576K
Heap Regions: E=young(eden), S=young(survivor), O=old, HS=humongous(starts), HC=humongous(continues), CS=collection set, F=free, A=archive, TAMS=top-at-mark-start (previous, next)
|   0|0x000000008ac00000, 0x000000008ad00000, 0x000000008ad00000|100%| O|  |TAMS 0x000000008ad00000, 0x000000008ac00000| Untracked 
|   1|0x000000008ad00000, 0x000000008ae00000, 0x000000008ae00000|100%| O|  |TAMS 0x000000008ae00000, 0x000000008ad00000| Untracked 
|   2|0x000000008ae00000, 0x000000008af00000, 0x000000008af00000|100%| O|  |TAMS 0x000000008af00000, 0x000000008ae00000| Untracked 
|   3|0x000000008af00000, 0x000000008b000000, 0x000000008b000000|100%| O|  |TAMS 0x000000008b000000, 0x000000008af00000| Untracked 
|   4|0x000000008b000000, 0x000000008b100000, 0x000000008b100000|100%| O|  |TAMS 0x000000008b100000, 0x000000008b000000| Untracked 
|   5|0x000000008b100000, 0x000000008b200000, 0x000000008b200000|100%| O|  |TAMS 0x000000008b200000, 0x000000008b100000| Untracked 
|   6|0x000000008b200000, 0x000000008b300000, 0x000000008b300000|100%| O|  |TAMS 0x000000008b300000, 0x000000008b200000| Untracked 
|   7|0x000000008b300000, 0x000000008b400000, 0x000000008b400000|100%| O|  |TAMS 0x000000008b400000, 0x000000008b300000| Untracked 
|   8|0x000000008b400000, 0x000000008b500000, 0x000000008b500000|100%| O|  |TAMS 0x000000008b500000, 0x000000008b400000| Untracked 
|   9|0x000000008b500000, 0x000000008b600000, 0x000000008b600000|100%| O|  |TAMS 0x000000008b600000, 0x000000008b500000| Untracked 
|  10|0x000000008b600000, 0x000000008b700000, 0x000000008b700000|100%| O|  |TAMS 0x000000008b700000, 0x000000008b600000| Untracked 
|  11|0x000000008b700000, 0x000000008b800000, 0x000000008b800000|100%| O|  |TAMS 0x000000008b800000, 0x000000008b700000| Untracked 
|  12|0x000000008b800000, 0x000000008b900000, 0x000000008b900000|100%|HS|  |TAMS 0x000000008b900000, 0x000000008b800000| Complete 
|  13|0x000000008b900000, 0x000000008ba00000, 0x000000008ba00000|100%| O|  |TAMS 0x000000008ba00000, 0x000000008b900000| Untracked 
|  14|0x000000008ba00000, 0x000000008bb00000, 0x000000008bb00000|100%| O|  |TAMS 0x000000008bb00000, 0x000000008ba00000| Untracked 
|  15|0x000000008bb00000, 0x000000008bc00000, 0x000000008bc00000|100%| O|  |TAMS 0x000000008bc00000, 0x000000008bb00000| Untracked 
|  16|0x000000008bc00000, 0x000000008bd00000, 0x000000008bd00000|100%| O|  |TAMS 0x000000008bd00000, 0x000000008bc00000| Untracked 
|  17|0x000000008bd00000, 0x000000008be00000, 0x000000008be00000|100%| O|  |TAMS 0x000000008be00000, 0x000000008bd00000| Untracked 
|  18|0x000000008be00000, 0x000000008bf00000, 0x000000008bf00000|100%| O|  |TAMS 0x000000008bf00000, 0x000000008be00000| Untracked 
|  19|0x000000008bf00000, 0x000000008c000000, 0x000000008c000000|100%| O|  |TAMS 0x000000008c000000, 0x000000008bf00000| Untracked 
|  20|0x000000008c000000, 0x000000008c100000, 0x000000008c100000|100%| O|  |TAMS 0x000000008c100000, 0x000000008c000000| Untracked 
|  21|0x000000008c100000, 0x000000008c200000, 0x000000008c200000|100%| O|  |TAMS 0x000000008c200000, 0x000000008c100000| Untracked 
|  22|0x000000008c200000, 0x000000008c300000, 0x000000008c300000|100%| O|  |TAMS 0x000000008c300000, 0x000000008c200000| Untracked 
|  23|0x000000008c300000, 0x000000008c400000, 0x000000008c400000|100%| O|  |TAMS 0x000000008c400000, 0x000000008c300000| Untracked 
|  24|0x000000008c400000, 0x000000008c500000, 0x000000008c500000|100%| O|  |TAMS 0x000000008c500000, 0x000000008c400000| Untracked 
|  25|0x000000008c500000, 0x000000008c600000, 0x000000008c600000|100%| O|  |TAMS 0x000000008c600000, 0x000000008c500000| Untracked 
|  26|0x000000008c600000, 0x000000008c700000, 0x000000008c700000|100%| O|  |TAMS 0x000000008c700000, 0x000000008c600000| Untracked 
|  27|0x000000008c700000, 0x000000008c800000, 0x000000008c800000|100%| O|  |TAMS 0x000000008c800000, 0x000000008c700000| Untracked 
|  28|0x000000008c800000, 0x000000008c900000, 0x000000008c900000|100%| O|  |TAMS 0x000000008c900000, 0x000000008c800000| Untracked 
|  29|0x000000008c900000, 0x000000008ca00000, 0x000000008ca00000|100%| O|  |TAMS 0x000000008ca00000, 0x000000008c900000| Untracked 
|  30|0x000000008ca00000, 0x000000008cb00000, 0x000000008cb00000|100%| O|  |TAMS 0x000000008cb00000, 0x000000008ca00000| Untracked 
|  31|0x000000008cb00000, 0x000000008cc00000, 0x000000008cc00000|100%| O|  |TAMS 0x000000008cc00000, 0x000000008cb00000| Untracked 
|  32|0x000000008cc00000, 0x000000008cd00000, 0x000000008cd00000|100%| O|  |TAMS 0x000000008cd00000, 0x000000008cc00000| Untracked 
|  33|0x000000008cd00000, 0x000000008ce00000, 0x000000008ce00000|100%| O|  |TAMS 0x000000008ce00000, 0x000000008cd00000| Untracked 
|  34|0x000000008ce00000, 0x000000008cf00000, 0x000000008cf00000|100%| O|  |TAMS 0x000000008cf00000, 0x000000008ce00000| Untracked 
|  35|0x000000008cf00000, 0x000000008d000000, 0x000000008d000000|100%| O|  |TAMS 0x000000008d000000, 0x000000008cf00000| Untracked 
|  36|0x000000008d000000, 0x000000008d100000, 0x000000008d100000|100%| O|  |TAMS 0x000000008d100000, 0x000000008d000000| Untracked 
|  37|0x000000008d100000, 0x000000008d200000, 0x000000008d200000|100%| O|  |TAMS 0x000000008d200000, 0x000000008d100000| Untracked 
|  38|0x000000008d200000, 0x000000008d300000, 0x000000008d300000|100%| O|  |TAMS 0x000000008d300000, 0x000000008d200000| Untracked 
|  39|0x000000008d300000, 0x000000008d400000, 0x000000008d400000|100%| O|  |TAMS 0x000000008d400000, 0x000000008d300000| Untracked 
|  40|0x000000008d400000, 0x000000008d500000, 0x000000008d500000|100%| O|  |TAMS 0x000000008d500000, 0x000000008d400000| Untracked 
|  41|0x000000008d500000, 0x000000008d600000, 0x000000008d600000|100%|HS|  |TAMS 0x000000008d600000, 0x000000008d500000| Complete 
|  42|0x000000008d600000, 0x000000008d700000, 0x000000008d700000|100%|HS|  |TAMS 0x000000008d700000, 0x000000008d600000| Complete 
|  43|0x000000008d700000, 0x000000008d800000, 0x000000008d800000|100%| O|  |TAMS 0x000000008d800000, 0x000000008d700000| Untracked 
|  44|0x000000008d800000, 0x000000008d900000, 0x000000008d900000|100%| O|  |TAMS 0x000000008d900000, 0x000000008d800000| Untracked 
|  45|0x000000008d900000, 0x000000008da00000, 0x000000008da00000|100%| O|  |TAMS 0x000000008da00000, 0x000000008d900000| Untracked 
|  46|0x000000008da00000, 0x000000008db00000, 0x000000008db00000|100%| O|  |TAMS 0x000000008db00000, 0x000000008da00000| Untracked 
|  47|0x000000008db00000, 0x000000008dc00000, 0x000000008dc00000|100%| O|  |TAMS 0x000000008dc00000, 0x000000008db00000| Untracked 
|  48|0x000000008dc00000, 0x000000008dd00000, 0x000000008dd00000|100%| O|  |TAMS 0x000000008dd00000, 0x000000008dc00000| Untracked 
|  49|0x000000008dd00000, 0x000000008de00000, 0x000000008de00000|100%| O|  |TAMS 0x000000008de00000, 0x000000008dd00000| Untracked 
|  50|0x000000008de00000, 0x000000008df00000, 0x000000008df00000|100%| O|  |TAMS 0x000000008df00000, 0x000000008de00000| Untracked 
|  51|0x000000008df00000, 0x000000008e000000, 0x000000008e000000|100%| O|  |TAMS 0x000000008e000000, 0x000000008df00000| Untracked 
|  52|0x000000008e000000, 0x000000008e100000, 0x000000008e100000|100%| O|  |TAMS 0x000000008e100000, 0x000000008e000000| Untracked 
|  53|0x000000008e100000, 0x000000008e200000, 0x000000008e200000|100%| O|  |TAMS 0x000000008e200000, 0x000000008e100000| Untracked 
|  54|0x000000008e200000, 0x000000008e300000, 0x000000008e300000|100%| O|  |TAMS 0x000000008e300000, 0x000000008e200000| Untracked 
|  55|0x000000008e300000, 0x000000008e400000, 0x000000008e400000|100%| O|  |TAMS 0x000000008e400000, 0x000000008e300000| Untracked 
|  56|0x000000008e400000, 0x000000008e500000, 0x000000008e500000|100%| O|  |TAMS 0x000000008e500000, 0x000000008e400000| Untracked 
|  57|0x000000008e500000, 0x000000008e600000, 0x000000008e600000|100%| O|  |TAMS 0x000000008e600000, 0x000000008e500000| Untracked 
|  58|0x000000008e600000, 0x000000008e700000, 0x000000008e700000|100%| O|  |TAMS 0x000000008e700000, 0x000000008e600000| Untracked 
|  59|0x000000008e700000, 0x000000008e800000, 0x000000008e800000|100%| O|  |TAMS 0x000000008e800000, 0x000000008e700000| Untracked 
|  60|0x000000008e800000, 0x000000008e900000, 0x000000008e900000|100%| O|  |TAMS 0x000000008e900000, 0x000000008e800000| Untracked 
|  61|0x000000008e900000, 0x000000008ea00000, 0x000000008ea00000|100%| O|  |TAMS 0x000000008ea00000, 0x000000008e900000| Untracked 
|  62|0x000000008ea00000, 0x000000008eb00000, 0x000000008eb00000|100%| O|  |TAMS 0x000000008eb00000, 0x000000008ea00000| Untracked 
|  63|0x000000008eb00000, 0x000000008ec00000, 0x000000008ec00000|100%| O|  |TAMS 0x000000008ec00000, 0x000000008eb00000| Untracked 
|  64|0x000000008ec00000, 0x000000008ed00000, 0x000000008ed00000|100%| O|  |TAMS 0x000000008ed00000, 0x000000008ec00000| Untracked 
|  65|0x000000008ed00000, 0x000000008ee00000, 0x000000008ee00000|100%| O|  |TAMS 0x000000008ee00000, 0x000000008ed00000| Untracked 
|  66|0x000000008ee00000, 0x000000008ef00000, 0x000000008ef00000|100%| O|  |TAMS 0x000000008ef00000, 0x000000008ee00000| Untracked 
|  67|0x000000008ef00000, 0x000000008f000000, 0x000000008f000000|100%| O|  |TAMS 0x000000008f000000, 0x000000008ef00000| Untracked 
|  68|0x000000008f000000, 0x000000008f100000, 0x000000008f100000|100%| O|  |TAMS 0x000000008f100000, 0x000000008f000000| Untracked 
|  69|0x000000008f100000, 0x000000008f200000, 0x000000008f200000|100%| O|  |TAMS 0x000000008f200000, 0x000000008f100000| Untracked 
|  70|0x000000008f200000, 0x000000008f300000, 0x000000008f300000|100%| O|  |TAMS 0x000000008f300000, 0x000000008f200000| Untracked 
|  71|0x000000008f300000, 0x000000008f400000, 0x000000008f400000|100%| O|  |TAMS 0x000000008f400000, 0x000000008f300000| Untracked 
|  72|0x000000008f400000, 0x000000008f500000, 0x000000008f500000|100%| O|  |TAMS 0x000000008f500000, 0x000000008f400000| Untracked 
|  73|0x000000008f500000, 0x000000008f600000, 0x000000008f600000|100%| O|  |TAMS 0x000000008f600000, 0x000000008f500000| Untracked 
|  74|0x000000008f600000, 0x000000008f700000, 0x000000008f700000|100%| O|  |TAMS 0x000000008f700000, 0x000000008f600000| Untracked 
|  75|0x000000008f700000, 0x000000008f800000, 0x000000008f800000|100%| O|  |TAMS 0x000000008f800000, 0x000000008f700000| Untracked 
|  76|0x000000008f800000, 0x000000008f900000, 0x000000008f900000|100%| O|  |TAMS 0x000000008f900000, 0x000000008f800000| Untracked 
|  77|0x000000008f900000, 0x000000008fa00000, 0x000000008fa00000|100%| O|  |TAMS 0x000000008fa00000, 0x000000008f900000| Untracked 
|  78|0x000000008fa00000, 0x000000008fb00000, 0x000000008fb00000|100%| O|  |TAMS 0x000000008fb00000, 0x000000008fa00000| Untracked 
|  79|0x000000008fb00000, 0x000000008fc00000, 0x000000008fc00000|100%| O|  |TAMS 0x000000008fc00000, 0x000000008fb00000| Untracked 
|  80|0x000000008fc00000, 0x000000008fd00000, 0x000000008fd00000|100%| O|  |TAMS 0x000000008fd00000, 0x000000008fc00000| Untracked 
|  81|0x000000008fd00000, 0x000000008fe00000, 0x000000008fe00000|100%| O|  |TAMS 0x000000008fe00000, 0x000000008fd00000| Untracked 
|  82|0x000000008fe00000, 0x000000008ff00000, 0x000000008ff00000|100%| O|  |TAMS 0x000000008ff00000, 0x000000008fe00000| Untracked 
|  83|0x000000008ff00000, 0x0000000090000000, 0x0000000090000000|100%| O|  |TAMS 0x0000000090000000, 0x000000008ff00000| Untracked 
|  84|0x0000000090000000, 0x0000000090100000, 0x0000000090100000|100%|HS|  |TAMS 0x0000000090100000, 0x0000000090000000| Complete 
|  85|0x0000000090100000, 0x0000000090200000, 0x0000000090200000|100%| O|  |TAMS 0x0000000090200000, 0x0000000090100000| Untracked 
|  86|0x0000000090200000, 0x0000000090300000, 0x0000000090300000|100%| O|  |TAMS 0x0000000090300000, 0x0000000090200000| Untracked 
|  87|0x0000000090300000, 0x0000000090400000, 0x0000000090400000|100%| O|  |TAMS 0x0000000090400000, 0x0000000090300000| Untracked 
|  88|0x0000000090400000, 0x0000000090500000, 0x0000000090500000|100%| O|  |TAMS 0x0000000090500000, 0x0000000090400000| Untracked 
|  89|0x0000000090500000, 0x0000000090600000, 0x0000000090600000|100%| O|  |TAMS 0x0000000090600000, 0x0000000090500000| Untracked 
|  90|0x0000000090600000, 0x0000000090700000, 0x0000000090700000|100%| O|  |TAMS 0x0000000090700000, 0x0000000090600000| Untracked 
|  91|0x0000000090700000, 0x0000000090800000, 0x0000000090800000|100%| O|  |TAMS 0x0000000090800000, 0x0000000090700000| Untracked 
|  92|0x0000000090800000, 0x0000000090900000, 0x0000000090900000|100%|HS|  |TAMS 0x0000000090900000, 0x0000000090800000| Complete 
|  93|0x0000000090900000, 0x0000000090a00000, 0x0000000090a00000|100%|HC|  |TAMS 0x0000000090a00000, 0x0000000090900000| Complete 
|  94|0x0000000090a00000, 0x0000000090b00000, 0x0000000090b00000|100%|HC|  |TAMS 0x0000000090b00000, 0x0000000090a00000| Complete 
|  95|0x0000000090b00000, 0x0000000090c00000, 0x0000000090c00000|100%| O|  |TAMS 0x0000000090c00000, 0x0000000090b00000| Untracked 
|  96|0x0000000090c00000, 0x0000000090d00000, 0x0000000090d00000|100%| O|  |TAMS 0x0000000090d00000, 0x0000000090c00000| Untracked 
|  97|0x0000000090d00000, 0x0000000090e00000, 0x0000000090e00000|100%| O|  |TAMS 0x0000000090e00000, 0x0000000090d00000| Untracked 
|  98|0x0000000090e00000, 0x0000000090f00000, 0x0000000090f00000|100%| O|  |TAMS 0x0000000090f00000, 0x0000000090e00000| Untracked 
|  99|0x0000000090f00000, 0x0000000091000000, 0x0000000091000000|100%| O|  |TAMS 0x0000000091000000, 0x0000000090f00000| Untracked 
| 100|0x0000000091000000, 0x0000000091100000, 0x0000000091100000|100%| O|  |TAMS 0x0000000091100000, 0x0000000091000000| Untracked 
| 101|0x0000000091100000, 0x0000000091200000, 0x0000000091200000|100%| O|  |TAMS 0x0000000091200000, 0x0000000091100000| Untracked 
| 102|0x0000000091200000, 0x0000000091300000, 0x0000000091300000|100%| O|  |TAMS 0x0000000091300000, 0x0000000091200000| Untracked 
| 103|0x0000000091300000, 0x0000000091400000, 0x0000000091400000|100%| O|  |TAMS 0x0000000091400000, 0x0000000091300000| Untracked 
| 104|0x0000000091400000, 0x0000000091500000, 0x0000000091500000|100%| O|  |TAMS 0x0000000091500000, 0x0000000091400000| Untracked 
| 105|0x0000000091500000, 0x0000000091600000, 0x0000000091600000|100%| O|  |TAMS 0x0000000091600000, 0x0000000091500000| Untracked 
| 106|0x0000000091600000, 0x0000000091700000, 0x0000000091700000|100%| O|  |TAMS 0x0000000091700000, 0x0000000091600000| Untracked 
| 107|0x0000000091700000, 0x0000000091800000, 0x0000000091800000|100%| O|  |TAMS 0x0000000091800000, 0x0000000091700000| Untracked 
| 108|0x0000000091800000, 0x0000000091900000, 0x0000000091900000|100%| O|  |TAMS 0x0000000091900000, 0x0000000091800000| Untracked 
| 109|0x0000000091900000, 0x0000000091a00000, 0x0000000091a00000|100%| O|  |TAMS 0x0000000091a00000, 0x0000000091900000| Untracked 
| 110|0x0000000091a00000, 0x0000000091b00000, 0x0000000091b00000|100%| O|  |TAMS 0x0000000091b00000, 0x0000000091a00000| Untracked 
| 111|0x0000000091b00000, 0x0000000091c00000, 0x0000000091c00000|100%| O|  |TAMS 0x0000000091c00000, 0x0000000091b00000| Untracked 
| 112|0x0000000091c00000, 0x0000000091d00000, 0x0000000091d00000|100%| O|  |TAMS 0x0000000091d00000, 0x0000000091c00000| Untracked 
| 113|0x0000000091d00000, 0x0000000091e00000, 0x0000000091e00000|100%| O|  |TAMS 0x0000000091e00000, 0x0000000091d00000| Untracked 
| 114|0x0000000091e00000, 0x0000000091f00000, 0x0000000091f00000|100%| O|  |TAMS 0x0000000091f00000, 0x0000000091e00000| Untracked 
| 115|0x0000000091f00000, 0x0000000092000000, 0x0000000092000000|100%| O|  |TAMS 0x0000000092000000, 0x0000000091f00000| Untracked 
| 116|0x0000000092000000, 0x0000000092100000, 0x0000000092100000|100%| O|  |TAMS 0x0000000092100000, 0x0000000092000000| Untracked 
| 117|0x0000000092100000, 0x0000000092200000, 0x0000000092200000|100%| O|  |TAMS 0x0000000092200000, 0x0000000092100000| Untracked 
| 118|0x0000000092200000, 0x0000000092300000, 0x0000000092300000|100%| O|  |TAMS 0x0000000092300000, 0x0000000092200000| Untracked 
| 119|0x0000000092300000, 0x0000000092400000, 0x0000000092400000|100%| O|  |TAMS 0x0000000092400000, 0x0000000092300000| Untracked 
| 120|0x0000000092400000, 0x0000000092500000, 0x0000000092500000|100%| O|  |TAMS 0x0000000092500000, 0x0000000092400000| Untracked 
| 121|0x0000000092500000, 0x0000000092600000, 0x0000000092600000|100%| O|  |TAMS 0x0000000092600000, 0x0000000092500000| Untracked 
| 122|0x0000000092600000, 0x0000000092700000, 0x0000000092700000|100%| O|  |TAMS 0x0000000092700000, 0x0000000092600000| Untracked 
| 123|0x0000000092700000, 0x0000000092800000, 0x0000000092800000|100%| O|  |TAMS 0x0000000092800000, 0x0000000092700000| Untracked 
| 124|0x0000000092800000, 0x0000000092900000, 0x0000000092900000|100%| O|  |TAMS 0x0000000092900000, 0x0000000092800000| Untracked 
| 125|0x0000000092900000, 0x0000000092a00000, 0x0000000092a00000|100%| O|  |TAMS 0x0000000092a00000, 0x0000000092900000| Untracked 
| 126|0x0000000092a00000, 0x0000000092b00000, 0x0000000092b00000|100%| O|  |TAMS 0x0000000092ae1e00, 0x0000000092a00000| Untracked 
| 127|0x0000000092b00000, 0x0000000092c00000, 0x0000000092c00000|100%| O|  |TAMS 0x0000000092b00000, 0x0000000092b00000| Untracked 
| 128|0x0000000092c00000, 0x0000000092d00000, 0x0000000092d00000|100%| O|  |TAMS 0x0000000092c00000, 0x0000000092c00000| Untracked 
| 129|0x0000000092d00000, 0x0000000092e00000, 0x0000000092e00000|100%| O|  |TAMS 0x0000000092d00000, 0x0000000092d00000| Untracked 
| 130|0x0000000092e00000, 0x0000000092f00000, 0x0000000092f00000|100%| O|  |TAMS 0x0000000092e00000, 0x0000000092e00000| Untracked 
| 131|0x0000000092f00000, 0x0000000093000000, 0x0000000093000000|100%| O|  |TAMS 0x0000000092f00000, 0x0000000092f00000| Untracked 
| 132|0x0000000093000000, 0x0000000093100000, 0x0000000093100000|100%| O|  |TAMS 0x0000000093000000, 0x0000000093000000| Untracked 
| 133|0x0000000093100000, 0x0000000093200000, 0x0000000093200000|100%| O|  |TAMS 0x0000000093100000, 0x0000000093100000| Untracked 
| 134|0x0000000093200000, 0x0000000093300000, 0x0000000093300000|100%| O|  |TAMS 0x0000000093200000, 0x0000000093200000| Untracked 
| 135|0x0000000093300000, 0x0000000093400000, 0x0000000093400000|100%| O|  |TAMS 0x0000000093300000, 0x0000000093300000| Untracked 
| 136|0x0000000093400000, 0x0000000093500000, 0x0000000093500000|100%| O|  |TAMS 0x0000000093400000, 0x0000000093400000| Untracked 
| 137|0x0000000093500000, 0x0000000093600000, 0x0000000093600000|100%| O|  |TAMS 0x0000000093500000, 0x0000000093500000| Untracked 
| 138|0x0000000093600000, 0x0000000093700000, 0x0000000093700000|100%| O|  |TAMS 0x0000000093600000, 0x0000000093600000| Untracked 
| 139|0x0000000093700000, 0x0000000093800000, 0x0000000093800000|100%| O|  |TAMS 0x0000000093700000, 0x0000000093700000| Untracked 
| 140|0x0000000093800000, 0x0000000093900000, 0x0000000093900000|100%| O|  |TAMS 0x0000000093800000, 0x0000000093800000| Untracked 
| 141|0x0000000093900000, 0x0000000093a00000, 0x0000000093a00000|100%| O|  |TAMS 0x0000000093900000, 0x0000000093900000| Untracked 
| 142|0x0000000093a00000, 0x0000000093b00000, 0x0000000093b00000|100%| O|  |TAMS 0x0000000093a00000, 0x0000000093a00000| Untracked 
| 143|0x0000000093b00000, 0x0000000093c00000, 0x0000000093c00000|100%| O|  |TAMS 0x0000000093b00000, 0x0000000093b00000| Untracked 
| 144|0x0000000093c00000, 0x0000000093ca7c00, 0x0000000093d00000| 65%| O|  |TAMS 0x0000000093c00000, 0x0000000093c00000| Untracked 
| 145|0x0000000093d00000, 0x0000000093d00000, 0x0000000093e00000|  0%| F|  |TAMS 0x0000000093d00000, 0x0000000093d00000| Untracked 
| 146|0x0000000093e00000, 0x0000000093e00000, 0x0000000093f00000|  0%| F|  |TAMS 0x0000000093e00000, 0x0000000093e00000| Untracked 
| 147|0x0000000093f00000, 0x0000000093f00000, 0x0000000094000000|  0%| F|  |TAMS 0x0000000093f00000, 0x0000000093f00000| Untracked 
| 148|0x0000000094000000, 0x0000000094000000, 0x0000000094100000|  0%| F|  |TAMS 0x0000000094000000, 0x0000000094000000| Untracked 
| 149|0x0000000094100000, 0x0000000094100000, 0x0000000094200000|  0%| F|  |TAMS 0x0000000094100000, 0x0000000094100000| Untracked 
| 150|0x0000000094200000, 0x0000000094200000, 0x0000000094300000|  0%| F|  |TAMS 0x0000000094200000, 0x0000000094200000| Untracked 
| 151|0x0000000094300000, 0x0000000094300000, 0x0000000094400000|  0%| F|  |TAMS 0x0000000094300000, 0x0000000094300000| Untracked 
| 152|0x0000000094400000, 0x0000000094400000, 0x0000000094500000|  0%| F|  |TAMS 0x0000000094400000, 0x0000000094400000| Untracked 
| 153|0x0000000094500000, 0x0000000094500000, 0x0000000094600000|  0%| F|  |TAMS 0x0000000094500000, 0x0000000094500000| Untracked 
| 154|0x0000000094600000, 0x0000000094600000, 0x0000000094700000|  0%| F|  |TAMS 0x0000000094600000, 0x0000000094600000| Untracked 
| 155|0x0000000094700000, 0x0000000094700000, 0x0000000094800000|  0%| F|  |TAMS 0x0000000094700000, 0x0000000094700000| Untracked 
| 156|0x0000000094800000, 0x0000000094800000, 0x0000000094900000|  0%| F|  |TAMS 0x0000000094800000, 0x0000000094800000| Untracked 
| 157|0x0000000094900000, 0x0000000094900000, 0x0000000094a00000|  0%| F|  |TAMS 0x0000000094900000, 0x0000000094900000| Untracked 
| 158|0x0000000094a00000, 0x0000000094a00000, 0x0000000094b00000|  0%| F|  |TAMS 0x0000000094a00000, 0x0000000094a00000| Untracked 
| 159|0x0000000094b00000, 0x0000000094b00000, 0x0000000094c00000|  0%| F|  |TAMS 0x0000000094b00000, 0x0000000094b00000| Untracked 
| 160|0x0000000094c00000, 0x0000000094c00000, 0x0000000094d00000|  0%| F|  |TAMS 0x0000000094c00000, 0x0000000094c00000| Untracked 
| 161|0x0000000094d00000, 0x0000000094d00000, 0x0000000094e00000|  0%| F|  |TAMS 0x0000000094d00000, 0x0000000094d00000| Untracked 
| 162|0x0000000094e00000, 0x0000000094e00000, 0x0000000094f00000|  0%| F|  |TAMS 0x0000000094e00000, 0x0000000094e00000| Untracked 
| 163|0x0000000094f00000, 0x0000000094f00000, 0x0000000095000000|  0%| F|  |TAMS 0x0000000094f00000, 0x0000000094f00000| Untracked 
| 164|0x0000000095000000, 0x0000000095000000, 0x0000000095100000|  0%| F|  |TAMS 0x0000000095000000, 0x0000000095000000| Untracked 
| 165|0x0000000095100000, 0x0000000095100000, 0x0000000095200000|  0%| F|  |TAMS 0x0000000095100000, 0x0000000095100000| Untracked 
| 166|0x0000000095200000, 0x0000000095200000, 0x0000000095300000|  0%| F|  |TAMS 0x0000000095200000, 0x0000000095200000| Untracked 
| 167|0x0000000095300000, 0x0000000095300000, 0x0000000095400000|  0%| F|  |TAMS 0x0000000095300000, 0x0000000095300000| Untracked 
| 168|0x0000000095400000, 0x0000000095400000, 0x0000000095500000|  0%| F|  |TAMS 0x0000000095400000, 0x0000000095400000| Untracked 
| 169|0x0000000095500000, 0x0000000095500000, 0x0000000095600000|  0%| F|  |TAMS 0x0000000095500000, 0x0000000095500000| Untracked 
| 170|0x0000000095600000, 0x0000000095600000, 0x0000000095700000|  0%| F|  |TAMS 0x0000000095600000, 0x0000000095600000| Untracked 
| 171|0x0000000095700000, 0x0000000095700000, 0x0000000095800000|  0%| F|  |TAMS 0x0000000095700000, 0x0000000095700000| Untracked 
| 172|0x0000000095800000, 0x0000000095800000, 0x0000000095900000|  0%| F|  |TAMS 0x0000000095800000, 0x0000000095800000| Untracked 
| 173|0x0000000095900000, 0x0000000095900000, 0x0000000095a00000|  0%| F|  |TAMS 0x0000000095900000, 0x0000000095900000| Untracked 
| 174|0x0000000095a00000, 0x0000000095a00000, 0x0000000095b00000|  0%| F|  |TAMS 0x0000000095a00000, 0x0000000095a00000| Untracked 
| 175|0x0000000095b00000, 0x0000000095b00000, 0x0000000095c00000|  0%| F|  |TAMS 0x0000000095b00000, 0x0000000095b00000| Untracked 
| 176|0x0000000095c00000, 0x0000000095c00000, 0x0000000095d00000|  0%| F|  |TAMS 0x0000000095c00000, 0x0000000095c00000| Untracked 
| 177|0x0000000095d00000, 0x0000000095d00000, 0x0000000095e00000|  0%| F|  |TAMS 0x0000000095d00000, 0x0000000095d00000| Untracked 
| 178|0x0000000095e00000, 0x0000000095e00000, 0x0000000095f00000|  0%| F|  |TAMS 0x0000000095e00000, 0x0000000095e00000| Untracked 
| 179|0x0000000095f00000, 0x0000000095f00000, 0x0000000096000000|  0%| F|  |TAMS 0x0000000095f00000, 0x0000000095f00000| Untracked 
| 180|0x0000000096000000, 0x0000000096000000, 0x0000000096100000|  0%| F|  |TAMS 0x0000000096000000, 0x0000000096000000| Untracked 
| 181|0x0000000096100000, 0x0000000096100000, 0x0000000096200000|  0%| F|  |TAMS 0x0000000096100000, 0x0000000096100000| Untracked 
| 182|0x0000000096200000, 0x0000000096200000, 0x0000000096300000|  0%| F|  |TAMS 0x0000000096200000, 0x0000000096200000| Untracked 
| 183|0x0000000096300000, 0x0000000096300000, 0x0000000096400000|  0%| F|  |TAMS 0x0000000096300000, 0x0000000096300000| Untracked 
| 184|0x0000000096400000, 0x0000000096400000, 0x0000000096500000|  0%| F|  |TAMS 0x0000000096400000, 0x0000000096400000| Untracked 
| 185|0x0000000096500000, 0x0000000096500000, 0x0000000096600000|  0%| F|  |TAMS 0x0000000096500000, 0x0000000096500000| Untracked 
| 186|0x0000000096600000, 0x0000000096600000, 0x0000000096700000|  0%| F|  |TAMS 0x0000000096600000, 0x0000000096600000| Untracked 
| 187|0x0000000096700000, 0x0000000096781070, 0x0000000096800000| 50%| S|CS|TAMS 0x0000000096700000, 0x0000000096700000| Complete 
| 188|0x0000000096800000, 0x0000000096900000, 0x0000000096900000|100%| S|CS|TAMS 0x0000000096800000, 0x0000000096800000| Complete 
| 189|0x0000000096900000, 0x0000000096a00000, 0x0000000096a00000|100%| S|CS|TAMS 0x0000000096900000, 0x0000000096900000| Complete 
| 190|0x0000000096a00000, 0x0000000096b00000, 0x0000000096b00000|100%| S|CS|TAMS 0x0000000096a00000, 0x0000000096a00000| Complete 
| 191|0x0000000096b00000, 0x0000000096c00000, 0x0000000096c00000|100%| S|CS|TAMS 0x0000000096b00000, 0x0000000096b00000| Complete 
| 192|0x0000000096c00000, 0x0000000096d00000, 0x0000000096d00000|100%| S|CS|TAMS 0x0000000096c00000, 0x0000000096c00000| Complete 
| 193|0x0000000096d00000, 0x0000000096e00000, 0x0000000096e00000|100%| S|CS|TAMS 0x0000000096d00000, 0x0000000096d00000| Complete 
| 194|0x0000000096e00000, 0x0000000096f00000, 0x0000000096f00000|100%| S|CS|TAMS 0x0000000096e00000, 0x0000000096e00000| Complete 
| 195|0x0000000096f00000, 0x0000000096f00000, 0x0000000097000000|  0%| F|  |TAMS 0x0000000096f00000, 0x0000000096f00000| Untracked 
| 196|0x0000000097000000, 0x0000000097000000, 0x0000000097100000|  0%| F|  |TAMS 0x0000000097000000, 0x0000000097000000| Untracked 
| 197|0x0000000097100000, 0x0000000097100000, 0x0000000097200000|  0%| F|  |TAMS 0x0000000097100000, 0x0000000097100000| Untracked 
| 198|0x0000000097200000, 0x0000000097200000, 0x0000000097300000|  0%| F|  |TAMS 0x0000000097200000, 0x0000000097200000| Untracked 
| 199|0x0000000097300000, 0x0000000097300000, 0x0000000097400000|  0%| F|  |TAMS 0x0000000097300000, 0x0000000097300000| Untracked 
| 200|0x0000000097400000, 0x0000000097400000, 0x0000000097500000|  0%| F|  |TAMS 0x0000000097400000, 0x0000000097400000| Untracked 
| 201|0x0000000097500000, 0x0000000097500000, 0x0000000097600000|  0%| F|  |TAMS 0x0000000097500000, 0x0000000097500000| Untracked 
| 202|0x0000000097600000, 0x0000000097700000, 0x0000000097700000|100%| S|CS|TAMS 0x0000000097600000, 0x0000000097600000| Complete 
| 203|0x0000000097700000, 0x0000000097800000, 0x0000000097800000|100%| S|CS|TAMS 0x0000000097700000, 0x0000000097700000| Complete 
| 204|0x0000000097800000, 0x0000000097800000, 0x0000000097900000|  0%| F|  |TAMS 0x0000000097800000, 0x0000000097800000| Untracked 
| 205|0x0000000097900000, 0x0000000097900000, 0x0000000097a00000|  0%| F|  |TAMS 0x0000000097900000, 0x0000000097900000| Untracked 
| 206|0x0000000097a00000, 0x0000000097a00000, 0x0000000097b00000|  0%| F|  |TAMS 0x0000000097a00000, 0x0000000097a00000| Untracked 
| 207|0x0000000097b00000, 0x0000000097b00000, 0x0000000097c00000|  0%| F|  |TAMS 0x0000000097b00000, 0x0000000097b00000| Untracked 
| 208|0x0000000097c00000, 0x0000000097c00000, 0x0000000097d00000|  0%| F|  |TAMS 0x0000000097c00000, 0x0000000097c00000| Untracked 
| 209|0x0000000097d00000, 0x0000000097d00000, 0x0000000097e00000|  0%| F|  |TAMS 0x0000000097d00000, 0x0000000097d00000| Untracked 
| 210|0x0000000097e00000, 0x0000000097e00000, 0x0000000097f00000|  0%| F|  |TAMS 0x0000000097e00000, 0x0000000097e00000| Untracked 
| 211|0x0000000097f00000, 0x0000000097f00000, 0x0000000098000000|  0%| F|  |TAMS 0x0000000097f00000, 0x0000000097f00000| Untracked 
| 212|0x0000000098000000, 0x0000000098000000, 0x0000000098100000|  0%| F|  |TAMS 0x0000000098000000, 0x0000000098000000| Untracked 
| 213|0x0000000098100000, 0x0000000098100000, 0x0000000098200000|  0%| F|  |TAMS 0x0000000098100000, 0x0000000098100000| Untracked 
| 214|0x0000000098200000, 0x0000000098200000, 0x0000000098300000|  0%| F|  |TAMS 0x0000000098200000, 0x0000000098200000| Untracked 
| 215|0x0000000098300000, 0x0000000098300000, 0x0000000098400000|  0%| F|  |TAMS 0x0000000098300000, 0x0000000098300000| Untracked 
| 216|0x0000000098400000, 0x0000000098400000, 0x0000000098500000|  0%| F|  |TAMS 0x0000000098400000, 0x0000000098400000| Untracked 
| 217|0x0000000098500000, 0x0000000098500000, 0x0000000098600000|  0%| F|  |TAMS 0x0000000098500000, 0x0000000098500000| Untracked 
| 218|0x0000000098600000, 0x0000000098600000, 0x0000000098700000|  0%| F|  |TAMS 0x0000000098600000, 0x0000000098600000| Untracked 
| 219|0x0000000098700000, 0x0000000098700000, 0x0000000098800000|  0%| F|  |TAMS 0x0000000098700000, 0x0000000098700000| Untracked 
| 220|0x0000000098800000, 0x0000000098800000, 0x0000000098900000|  0%| F|  |TAMS 0x0000000098800000, 0x0000000098800000| Untracked 
| 221|0x0000000098900000, 0x0000000098900000, 0x0000000098a00000|  0%| F|  |TAMS 0x0000000098900000, 0x0000000098900000| Untracked 
| 222|0x0000000098a00000, 0x0000000098a00000, 0x0000000098b00000|  0%| F|  |TAMS 0x0000000098a00000, 0x0000000098a00000| Untracked 
| 223|0x0000000098b00000, 0x0000000098b00000, 0x0000000098c00000|  0%| F|  |TAMS 0x0000000098b00000, 0x0000000098b00000| Untracked 
| 224|0x0000000098c00000, 0x0000000098c00000, 0x0000000098d00000|  0%| F|  |TAMS 0x0000000098c00000, 0x0000000098c00000| Untracked 
| 225|0x0000000098d00000, 0x0000000098d00000, 0x0000000098e00000|  0%| F|  |TAMS 0x0000000098d00000, 0x0000000098d00000| Untracked 
| 226|0x0000000098e00000, 0x0000000098e00000, 0x0000000098f00000|  0%| F|  |TAMS 0x0000000098e00000, 0x0000000098e00000| Untracked 
| 227|0x0000000098f00000, 0x0000000098f00000, 0x0000000099000000|  0%| F|  |TAMS 0x0000000098f00000, 0x0000000098f00000| Untracked 
| 228|0x0000000099000000, 0x0000000099000000, 0x0000000099100000|  0%| F|  |TAMS 0x0000000099000000, 0x0000000099000000| Untracked 
| 229|0x0000000099100000, 0x0000000099100000, 0x0000000099200000|  0%| F|  |TAMS 0x0000000099100000, 0x0000000099100000| Untracked 
| 230|0x0000000099200000, 0x0000000099200000, 0x0000000099300000|  0%| F|  |TAMS 0x0000000099200000, 0x0000000099200000| Untracked 
| 231|0x0000000099300000, 0x0000000099300000, 0x0000000099400000|  0%| F|  |TAMS 0x0000000099300000, 0x0000000099300000| Untracked 
| 232|0x0000000099400000, 0x0000000099400000, 0x0000000099500000|  0%| F|  |TAMS 0x0000000099400000, 0x0000000099400000| Untracked 
| 233|0x0000000099500000, 0x0000000099500000, 0x0000000099600000|  0%| F|  |TAMS 0x0000000099500000, 0x0000000099500000| Untracked 
| 234|0x0000000099600000, 0x0000000099600000, 0x0000000099700000|  0%| F|  |TAMS 0x0000000099600000, 0x0000000099600000| Untracked 
| 235|0x0000000099700000, 0x0000000099700000, 0x0000000099800000|  0%| F|  |TAMS 0x0000000099700000, 0x0000000099700000| Untracked 
| 236|0x0000000099800000, 0x0000000099800000, 0x0000000099900000|  0%| F|  |TAMS 0x0000000099800000, 0x0000000099800000| Untracked 
| 237|0x0000000099900000, 0x0000000099900000, 0x0000000099a00000|  0%| F|  |TAMS 0x0000000099900000, 0x0000000099900000| Untracked 
| 238|0x0000000099a00000, 0x0000000099a00000, 0x0000000099b00000|  0%| F|  |TAMS 0x0000000099a00000, 0x0000000099a00000| Untracked 
| 239|0x0000000099b00000, 0x0000000099b00000, 0x0000000099c00000|  0%| F|  |TAMS 0x0000000099b00000, 0x0000000099b00000| Untracked 
| 240|0x0000000099c00000, 0x0000000099c00000, 0x0000000099d00000|  0%| F|  |TAMS 0x0000000099c00000, 0x0000000099c00000| Untracked 
| 241|0x0000000099d00000, 0x0000000099d00000, 0x0000000099e00000|  0%| F|  |TAMS 0x0000000099d00000, 0x0000000099d00000| Untracked 
| 242|0x0000000099e00000, 0x0000000099e00000, 0x0000000099f00000|  0%| F|  |TAMS 0x0000000099e00000, 0x0000000099e00000| Untracked 
| 243|0x0000000099f00000, 0x0000000099f00000, 0x000000009a000000|  0%| F|  |TAMS 0x0000000099f00000, 0x0000000099f00000| Untracked 
| 244|0x000000009a000000, 0x000000009a000000, 0x000000009a100000|  0%| F|  |TAMS 0x000000009a000000, 0x000000009a000000| Untracked 
| 245|0x000000009a100000, 0x000000009a100000, 0x000000009a200000|  0%| F|  |TAMS 0x000000009a100000, 0x000000009a100000| Untracked 
| 246|0x000000009a200000, 0x000000009a200000, 0x000000009a300000|  0%| F|  |TAMS 0x000000009a200000, 0x000000009a200000| Untracked 
| 247|0x000000009a300000, 0x000000009a300000, 0x000000009a400000|  0%| F|  |TAMS 0x000000009a300000, 0x000000009a300000| Untracked 
| 248|0x000000009a400000, 0x000000009a400000, 0x000000009a500000|  0%| F|  |TAMS 0x000000009a400000, 0x000000009a400000| Untracked 
| 249|0x000000009a500000, 0x000000009a500000, 0x000000009a600000|  0%| F|  |TAMS 0x000000009a500000, 0x000000009a500000| Untracked 
| 250|0x000000009a600000, 0x000000009a600000, 0x000000009a700000|  0%| F|  |TAMS 0x000000009a600000, 0x000000009a600000| Untracked 
| 251|0x000000009a700000, 0x000000009a700000, 0x000000009a800000|  0%| F|  |TAMS 0x000000009a700000, 0x000000009a700000| Untracked 
| 252|0x000000009a800000, 0x000000009a800000, 0x000000009a900000|  0%| F|  |TAMS 0x000000009a800000, 0x000000009a800000| Untracked 
| 253|0x000000009a900000, 0x000000009a900000, 0x000000009aa00000|  0%| F|  |TAMS 0x000000009a900000, 0x000000009a900000| Untracked 
| 254|0x000000009aa00000, 0x000000009aa00000, 0x000000009ab00000|  0%| F|  |TAMS 0x000000009aa00000, 0x000000009aa00000| Untracked 
| 255|0x000000009ab00000, 0x000000009ab00000, 0x000000009ac00000|  0%| F|  |TAMS 0x000000009ab00000, 0x000000009ab00000| Untracked 
| 256|0x000000009ac00000, 0x000000009ac00000, 0x000000009ad00000|  0%| F|  |TAMS 0x000000009ac00000, 0x000000009ac00000| Untracked 
| 257|0x000000009ad00000, 0x000000009ad00000, 0x000000009ae00000|  0%| F|  |TAMS 0x000000009ad00000, 0x000000009ad00000| Untracked 
| 258|0x000000009ae00000, 0x000000009ae00000, 0x000000009af00000|  0%| F|  |TAMS 0x000000009ae00000, 0x000000009ae00000| Untracked 
| 259|0x000000009af00000, 0x000000009af00000, 0x000000009b000000|  0%| F|  |TAMS 0x000000009af00000, 0x000000009af00000| Untracked 
| 260|0x000000009b000000, 0x000000009b000000, 0x000000009b100000|  0%| F|  |TAMS 0x000000009b000000, 0x000000009b000000| Untracked 
| 261|0x000000009b100000, 0x000000009b100000, 0x000000009b200000|  0%| F|  |TAMS 0x000000009b100000, 0x000000009b100000| Untracked 
| 262|0x000000009b200000, 0x000000009b200000, 0x000000009b300000|  0%| F|  |TAMS 0x000000009b200000, 0x000000009b200000| Untracked 
| 263|0x000000009b300000, 0x000000009b300000, 0x000000009b400000|  0%| F|  |TAMS 0x000000009b300000, 0x000000009b300000| Untracked 
| 264|0x000000009b400000, 0x000000009b400000, 0x000000009b500000|  0%| F|  |TAMS 0x000000009b400000, 0x000000009b400000| Untracked 
| 265|0x000000009b500000, 0x000000009b500000, 0x000000009b600000|  0%| F|  |TAMS 0x000000009b500000, 0x000000009b500000| Untracked 
| 266|0x000000009b600000, 0x000000009b600000, 0x000000009b700000|  0%| F|  |TAMS 0x000000009b600000, 0x000000009b600000| Untracked 
| 267|0x000000009b700000, 0x000000009b700000, 0x000000009b800000|  0%| F|  |TAMS 0x000000009b700000, 0x000000009b700000| Untracked 
| 268|0x000000009b800000, 0x000000009b800000, 0x000000009b900000|  0%| F|  |TAMS 0x000000009b800000, 0x000000009b800000| Untracked 
| 269|0x000000009b900000, 0x000000009b900000, 0x000000009ba00000|  0%| F|  |TAMS 0x000000009b900000, 0x000000009b900000| Untracked 
| 270|0x000000009ba00000, 0x000000009ba00000, 0x000000009bb00000|  0%| F|  |TAMS 0x000000009ba00000, 0x000000009ba00000| Untracked 
| 271|0x000000009bb00000, 0x000000009bb00000, 0x000000009bc00000|  0%| F|  |TAMS 0x000000009bb00000, 0x000000009bb00000| Untracked 
| 272|0x000000009bc00000, 0x000000009bc00000, 0x000000009bd00000|  0%| F|  |TAMS 0x000000009bc00000, 0x000000009bc00000| Untracked 
| 273|0x000000009bd00000, 0x000000009bd00000, 0x000000009be00000|  0%| F|  |TAMS 0x000000009bd00000, 0x000000009bd00000| Untracked 
| 274|0x000000009be00000, 0x000000009be00000, 0x000000009bf00000|  0%| F|  |TAMS 0x000000009be00000, 0x000000009be00000| Untracked 
| 275|0x000000009bf00000, 0x000000009bf00000, 0x000000009c000000|  0%| F|  |TAMS 0x000000009bf00000, 0x000000009bf00000| Untracked 
| 276|0x000000009c000000, 0x000000009c000000, 0x000000009c100000|  0%| F|  |TAMS 0x000000009c000000, 0x000000009c000000| Untracked 
| 277|0x000000009c100000, 0x000000009c100000, 0x000000009c200000|  0%| F|  |TAMS 0x000000009c100000, 0x000000009c100000| Untracked 
| 278|0x000000009c200000, 0x000000009c200000, 0x000000009c300000|  0%| F|  |TAMS 0x000000009c200000, 0x000000009c200000| Untracked 
| 279|0x000000009c300000, 0x000000009c300000, 0x000000009c400000|  0%| F|  |TAMS 0x000000009c300000, 0x000000009c300000| Untracked 
| 280|0x000000009c400000, 0x000000009c400000, 0x000000009c500000|  0%| F|  |TAMS 0x000000009c400000, 0x000000009c400000| Untracked 
| 281|0x000000009c500000, 0x000000009c500000, 0x000000009c600000|  0%| F|  |TAMS 0x000000009c500000, 0x000000009c500000| Untracked 
| 282|0x000000009c600000, 0x000000009c600000, 0x000000009c700000|  0%| F|  |TAMS 0x000000009c600000, 0x000000009c600000| Untracked 
| 283|0x000000009c700000, 0x000000009c700000, 0x000000009c800000|  0%| F|  |TAMS 0x000000009c700000, 0x000000009c700000| Untracked 
| 284|0x000000009c800000, 0x000000009c800000, 0x000000009c900000|  0%| F|  |TAMS 0x000000009c800000, 0x000000009c800000| Untracked 
| 285|0x000000009c900000, 0x000000009c900000, 0x000000009ca00000|  0%| F|  |TAMS 0x000000009c900000, 0x000000009c900000| Untracked 
| 286|0x000000009ca00000, 0x000000009ca00000, 0x000000009cb00000|  0%| F|  |TAMS 0x000000009ca00000, 0x000000009ca00000| Untracked 
| 287|0x000000009cb00000, 0x000000009cb00000, 0x000000009cc00000|  0%| F|  |TAMS 0x000000009cb00000, 0x000000009cb00000| Untracked 
| 288|0x000000009cc00000, 0x000000009cc00000, 0x000000009cd00000|  0%| F|  |TAMS 0x000000009cc00000, 0x000000009cc00000| Untracked 
| 289|0x000000009cd00000, 0x000000009cd00000, 0x000000009ce00000|  0%| F|  |TAMS 0x000000009cd00000, 0x000000009cd00000| Untracked 
| 290|0x000000009ce00000, 0x000000009ce00000, 0x000000009cf00000|  0%| F|  |TAMS 0x000000009ce00000, 0x000000009ce00000| Untracked 
| 291|0x000000009cf00000, 0x000000009cf00000, 0x000000009d000000|  0%| F|  |TAMS 0x000000009cf00000, 0x000000009cf00000| Untracked 
| 292|0x000000009d000000, 0x000000009d000000, 0x000000009d100000|  0%| F|  |TAMS 0x000000009d000000, 0x000000009d000000| Untracked 
| 293|0x000000009d100000, 0x000000009d100000, 0x000000009d200000|  0%| F|  |TAMS 0x000000009d100000, 0x000000009d100000| Untracked 
| 294|0x000000009d200000, 0x000000009d200000, 0x000000009d300000|  0%| F|  |TAMS 0x000000009d200000, 0x000000009d200000| Untracked 
| 295|0x000000009d300000, 0x000000009d300000, 0x000000009d400000|  0%| F|  |TAMS 0x000000009d300000, 0x000000009d300000| Untracked 
| 296|0x000000009d400000, 0x000000009d400000, 0x000000009d500000|  0%| F|  |TAMS 0x000000009d400000, 0x000000009d400000| Untracked 
| 297|0x000000009d500000, 0x000000009d500000, 0x000000009d600000|  0%| F|  |TAMS 0x000000009d500000, 0x000000009d500000| Untracked 
| 298|0x000000009d600000, 0x000000009d600000, 0x000000009d700000|  0%| F|  |TAMS 0x000000009d600000, 0x000000009d600000| Untracked 
| 299|0x000000009d700000, 0x000000009d700000, 0x000000009d800000|  0%| F|  |TAMS 0x000000009d700000, 0x000000009d700000| Untracked 
| 300|0x000000009d800000, 0x000000009d800000, 0x000000009d900000|  0%| F|  |TAMS 0x000000009d800000, 0x000000009d800000| Untracked 
| 301|0x000000009d900000, 0x000000009d900000, 0x000000009da00000|  0%| F|  |TAMS 0x000000009d900000, 0x000000009d900000| Untracked 
| 302|0x000000009da00000, 0x000000009da00000, 0x000000009db00000|  0%| F|  |TAMS 0x000000009da00000, 0x000000009da00000| Untracked 
| 303|0x000000009db00000, 0x000000009db00000, 0x000000009dc00000|  0%| F|  |TAMS 0x000000009db00000, 0x000000009db00000| Untracked 
| 304|0x000000009dc00000, 0x000000009dc00000, 0x000000009dd00000|  0%| F|  |TAMS 0x000000009dc00000, 0x000000009dc00000| Untracked 
| 305|0x000000009dd00000, 0x000000009dd00000, 0x000000009de00000|  0%| F|  |TAMS 0x000000009dd00000, 0x000000009dd00000| Untracked 
| 306|0x000000009de00000, 0x000000009de00000, 0x000000009df00000|  0%| F|  |TAMS 0x000000009de00000, 0x000000009de00000| Untracked 
| 307|0x000000009df00000, 0x000000009df00000, 0x000000009e000000|  0%| F|  |TAMS 0x000000009df00000, 0x000000009df00000| Untracked 
| 308|0x000000009e000000, 0x000000009e000000, 0x000000009e100000|  0%| F|  |TAMS 0x000000009e000000, 0x000000009e000000| Untracked 
| 309|0x000000009e100000, 0x000000009e100000, 0x000000009e200000|  0%| F|  |TAMS 0x000000009e100000, 0x000000009e100000| Untracked 
| 310|0x000000009e200000, 0x000000009e200000, 0x000000009e300000|  0%| F|  |TAMS 0x000000009e200000, 0x000000009e200000| Untracked 
| 311|0x000000009e300000, 0x000000009e300000, 0x000000009e400000|  0%| F|  |TAMS 0x000000009e300000, 0x000000009e300000| Untracked 
| 312|0x000000009e400000, 0x000000009e400000, 0x000000009e500000|  0%| F|  |TAMS 0x000000009e400000, 0x000000009e400000| Untracked 
| 313|0x000000009e500000, 0x000000009e500000, 0x000000009e600000|  0%| F|  |TAMS 0x000000009e500000, 0x000000009e500000| Untracked 
| 314|0x000000009e600000, 0x000000009e600000, 0x000000009e700000|  0%| F|  |TAMS 0x000000009e600000, 0x000000009e600000| Untracked 
| 315|0x000000009e700000, 0x000000009e700000, 0x000000009e800000|  0%| F|  |TAMS 0x000000009e700000, 0x000000009e700000| Untracked 
| 316|0x000000009e800000, 0x000000009e800000, 0x000000009e900000|  0%| F|  |TAMS 0x000000009e800000, 0x000000009e800000| Untracked 
| 317|0x000000009e900000, 0x000000009e900000, 0x000000009ea00000|  0%| F|  |TAMS 0x000000009e900000, 0x000000009e900000| Untracked 
| 318|0x000000009ea00000, 0x000000009ea00000, 0x000000009eb00000|  0%| F|  |TAMS 0x000000009ea00000, 0x000000009ea00000| Untracked 
| 319|0x000000009eb00000, 0x000000009eb00000, 0x000000009ec00000|  0%| F|  |TAMS 0x000000009eb00000, 0x000000009eb00000| Untracked 
| 320|0x000000009ec00000, 0x000000009ec00000, 0x000000009ed00000|  0%| F|  |TAMS 0x000000009ec00000, 0x000000009ec00000| Untracked 
| 321|0x000000009ed00000, 0x000000009ed00000, 0x000000009ee00000|  0%| F|  |TAMS 0x000000009ed00000, 0x000000009ed00000| Untracked 
| 322|0x000000009ee00000, 0x000000009ee00000, 0x000000009ef00000|  0%| F|  |TAMS 0x000000009ee00000, 0x000000009ee00000| Untracked 
| 323|0x000000009ef00000, 0x000000009ef00000, 0x000000009f000000|  0%| F|  |TAMS 0x000000009ef00000, 0x000000009ef00000| Untracked 
| 324|0x000000009f000000, 0x000000009f000000, 0x000000009f100000|  0%| F|  |TAMS 0x000000009f000000, 0x000000009f000000| Untracked 
| 325|0x000000009f100000, 0x000000009f100000, 0x000000009f200000|  0%| F|  |TAMS 0x000000009f100000, 0x000000009f100000| Untracked 
| 326|0x000000009f200000, 0x000000009f200000, 0x000000009f300000|  0%| F|  |TAMS 0x000000009f200000, 0x000000009f200000| Untracked 
| 327|0x000000009f300000, 0x000000009f300000, 0x000000009f400000|  0%| F|  |TAMS 0x000000009f300000, 0x000000009f300000| Untracked 
| 328|0x000000009f400000, 0x000000009f400000, 0x000000009f500000|  0%| F|  |TAMS 0x000000009f400000, 0x000000009f400000| Untracked 
| 329|0x000000009f500000, 0x000000009f500000, 0x000000009f600000|  0%| F|  |TAMS 0x000000009f500000, 0x000000009f500000| Untracked 
| 330|0x000000009f600000, 0x000000009f600000, 0x000000009f700000|  0%| F|  |TAMS 0x000000009f600000, 0x000000009f600000| Untracked 
| 331|0x000000009f700000, 0x000000009f700000, 0x000000009f800000|  0%| F|  |TAMS 0x000000009f700000, 0x000000009f700000| Untracked 
| 332|0x000000009f800000, 0x000000009f800000, 0x000000009f900000|  0%| F|  |TAMS 0x000000009f800000, 0x000000009f800000| Untracked 
| 333|0x000000009f900000, 0x000000009f900000, 0x000000009fa00000|  0%| F|  |TAMS 0x000000009f900000, 0x000000009f900000| Untracked 

Card table byte_map: [0x000002a74f910000,0x000002a74fcc0000] _byte_map_base: 0x000002a74f4ba000

Marking Bits (Prev, Next): (CMBitMap*) 0x000002a738b8f3b8, (CMBitMap*) 0x000002a738b8f3f0
 Prev Bits: [0x000002a750070000, 0x000002a751dc0000)
 Next Bits: [0x000002a751dc0000, 0x000002a753b10000)

Polling page: 0x000002a738320000

Metaspace:

Usage:
  Non-class:     43.96 MB capacity,    43.38 MB ( 99%) used,   500.09 KB (  1%) free+waste,    94.69 KB ( <1%) overhead. 
      Class:      5.17 MB capacity,     4.86 MB ( 94%) used,   285.43 KB (  5%) free+waste,    37.19 KB ( <1%) overhead. 
       Both:     49.13 MB capacity,    48.24 MB ( 98%) used,   785.52 KB (  2%) free+waste,   131.88 KB ( <1%) overhead. 

Virtual space:
  Non-class space:       46.00 MB reserved,      44.17 MB ( 96%) committed 
      Class space:        1.00 GB reserved,       5.25 MB ( <1%) committed 
             Both:        1.04 GB reserved,      49.42 MB (  5%) committed 

Chunk freelists:
   Non-Class:  3.50 KB
       Class:  0 bytes
        Both:  3.50 KB

CodeHeap 'non-profiled nmethods': size=120000Kb used=9124Kb max_used=9124Kb free=110875Kb
 bounds [0x000002a747d00000, 0x000002a7485f0000, 0x000002a74f230000]
CodeHeap 'profiled nmethods': size=120000Kb used=25514Kb max_used=25514Kb free=94485Kb
 bounds [0x000002a7407d0000, 0x000002a7420e0000, 0x000002a747d00000]
CodeHeap 'non-nmethods': size=5760Kb used=1159Kb max_used=1241Kb free=4601Kb
 bounds [0x000002a740230000, 0x000002a7404a0000, 0x000002a7407d0000]
 total_blobs=10851 nmethods=10350 adapters=412
 compilation: enabled
              stopped_count=0, restarted_count=0
 full_count=0

Compilation events (10 events):
Event: 18.996 Thread 0x000002a75658d800 nmethod 11955 0x000002a7420cce10 code [0x000002a7420cd100, 0x000002a7420cddd8]
Event: 18.996 Thread 0x000002a75658d800 11954       3       com.sun.tools.javac.jvm.Items$ImmediateItem::load (344 bytes)
Event: 18.997 Thread 0x000002a75658d800 nmethod 11954 0x000002a7420ce390 code [0x000002a7420ce740, 0x000002a7420cfbf8]
Event: 19.007 Thread 0x000002a75658d800 11959       3       com.sun.tools.javac.code.Symbol$MethodSymbol::isOverridableIn (126 bytes)
Event: 19.007 Thread 0x000002a75658d800 nmethod 11959 0x000002a7420d0210 code [0x000002a7420d0420, 0x000002a7420d0ce8]
Event: 19.007 Thread 0x000002a75658d800 11960       3       com.sun.tools.javac.comp.Infer$CheckBounds::boundsToCheck (29 bytes)
Event: 19.008 Thread 0x000002a75658d800 nmethod 11960 0x000002a7420d0e90 code [0x000002a7420d10e0, 0x000002a7420d1868]
Event: 19.010 Thread 0x000002a75658d800 11961       3       com.sun.tools.javac.code.Type$JCPrimitiveType::constType (24 bytes)
Event: 19.010 Thread 0x000002a75658d800 nmethod 11961 0x000002a7420d1b90 code [0x000002a7420d1dc0, 0x000002a7420d2678]
Event: 19.011 Thread 0x000002a75658d800 11963       3       com.sun.tools.javac.comp.TransTypes::translateArgs (152 bytes)

GC Heap History (10 events):
Event: 15.098 GC heap after
{Heap after GC invocations=43 (full 0):
 garbage-first heap   total 342016K, used 149835K [0x000000008ac00000, 0x0000000100000000)
  region size 1024K, 9 young (9216K), 9 survivors (9216K)
 Metaspace       used 46663K, capacity 47520K, committed 47792K, reserved 1091584K
  class space    used 4785K, capacity 5086K, committed 5120K, reserved 1048576K
}
Event: 15.461 GC heap before
{Heap before GC invocations=43 (full 0):
 garbage-first heap   total 342016K, used 279883K [0x000000008ac00000, 0x0000000100000000)
  region size 1024K, 136 young (139264K), 9 survivors (9216K)
 Metaspace       used 46689K, capacity 47537K, committed 47792K, reserved 1091584K
  class space    used 4785K, capacity 5087K, committed 5120K, reserved 1048576K
}
Event: 15.474 GC heap after
{Heap after GC invocations=44 (full 0):
 garbage-first heap   total 342016K, used 149565K [0x000000008ac00000, 0x0000000100000000)
  region size 1024K, 9 young (9216K), 9 survivors (9216K)
 Metaspace       used 46689K, capacity 47537K, committed 47792K, reserved 1091584K
  class space    used 4785K, capacity 5087K, committed 5120K, reserved 1048576K
}
Event: 15.776 GC heap before
{Heap before GC invocations=44 (full 0):
 garbage-first heap   total 342016K, used 280637K [0x000000008ac00000, 0x0000000100000000)
  region size 1024K, 137 young (140288K), 9 survivors (9216K)
 Metaspace       used 46716K, capacity 47539K, committed 47792K, reserved 1091584K
  class space    used 4785K, capacity 5087K, committed 5120K, reserved 1048576K
}
Event: 15.784 GC heap after
{Heap after GC invocations=45 (full 0):
 garbage-first heap   total 342016K, used 148740K [0x000000008ac00000, 0x0000000100000000)
  region size 1024K, 8 young (8192K), 8 survivors (8192K)
 Metaspace       used 46716K, capacity 47539K, committed 47792K, reserved 1091584K
  class space    used 4785K, capacity 5087K, committed 5120K, reserved 1048576K
}
Event: 16.320 GC heap before
{Heap before GC invocations=45 (full 0):
 garbage-first heap   total 342016K, used 282884K [0x000000008ac00000, 0x0000000100000000)
  region size 1024K, 139 young (142336K), 8 survivors (8192K)
 Metaspace       used 48023K, capacity 48937K, committed 49072K, reserved 1093632K
  class space    used 4947K, capacity 5275K, committed 5376K, reserved 1048576K
}
Event: 16.328 GC heap after
{Heap after GC invocations=46 (full 0):
 garbage-first heap   total 342016K, used 148981K [0x000000008ac00000, 0x0000000100000000)
  region size 1024K, 8 young (8192K), 8 survivors (8192K)
 Metaspace       used 48023K, capacity 48937K, committed 49072K, reserved 1093632K
  class space    used 4947K, capacity 5275K, committed 5376K, reserved 1048576K
}
Event: 17.974 GC heap before
{Heap before GC invocations=46 (full 0):
 garbage-first heap   total 342016K, used 284149K [0x000000008ac00000, 0x0000000100000000)
  region size 1024K, 140 young (143360K), 8 survivors (8192K)
 Metaspace       used 49230K, capacity 50146K, committed 50352K, reserved 1093632K
  class space    used 4969K, capacity 5288K, committed 5376K, reserved 1048576K
}
Event: 17.986 GC heap after
{Heap after GC invocations=47 (full 0):
 garbage-first heap   total 342016K, used 152606K [0x000000008ac00000, 0x0000000100000000)
  region size 1024K, 12 young (12288K), 12 survivors (12288K)
 Metaspace       used 49230K, capacity 50146K, committed 50352K, reserved 1093632K
  class space    used 4969K, capacity 5288K, committed 5376K, reserved 1048576K
}
Event: 19.012 GC heap before
{Heap before GC invocations=47 (full 0):
 garbage-first heap   total 342016K, used 285726K [0x000000008ac00000, 0x0000000100000000)
  region size 1024K, 142 young (145408K), 12 survivors (12288K)
 Metaspace       used 49393K, capacity 50311K, committed 50608K, reserved 1095680K
  class space    used 4976K, capacity 5299K, committed 5376K, reserved 1048576K
}

Deoptimization events (10 events):
Event: 18.812 Thread 0x000002a738b54000 Uncommon trap: reason=class_check action=maybe_recompile pc=0x000002a7484dd93c method=com.sun.tools.javac.code.Types$12.visitClassType(Lcom/sun/tools/javac/code/Type$ClassType;Ljava/lang/Object;)Ljava/lang/Object; @ 3 c2
Event: 18.812 Thread 0x000002a738b54000 Uncommon trap: reason=class_check action=maybe_recompile pc=0x000002a7484db9a8 method=com.sun.tools.javac.code.Types$12.visitClassType(Lcom/sun/tools/javac/code/Type$ClassType;Lcom/sun/tools/javac/code/Symbol;)Lcom/sun/tools/javac/code/Type; @ 59 c2
Event: 18.812 Thread 0x000002a738b54000 Uncommon trap: reason=class_check action=maybe_recompile pc=0x000002a747d82b1c method=com.sun.tools.javac.code.Type.isInterface()Z @ 4 c2
Event: 18.812 Thread 0x000002a738b54000 Uncommon trap: reason=class_check action=maybe_recompile pc=0x000002a7484dd93c method=com.sun.tools.javac.code.Types$12.visitClassType(Lcom/sun/tools/javac/code/Type$ClassType;Ljava/lang/Object;)Ljava/lang/Object; @ 3 c2
Event: 18.812 Thread 0x000002a738b54000 Uncommon trap: reason=class_check action=maybe_recompile pc=0x000002a7484dd93c method=com.sun.tools.javac.code.Types$12.visitClassType(Lcom/sun/tools/javac/code/Type$ClassType;Ljava/lang/Object;)Ljava/lang/Object; @ 3 c2
Event: 18.812 Thread 0x000002a738b54000 Uncommon trap: reason=class_check action=maybe_recompile pc=0x000002a747d82b1c method=com.sun.tools.javac.code.Type.isInterface()Z @ 4 c2
Event: 18.819 Thread 0x000002a738b54000 Uncommon trap: reason=class_check action=maybe_recompile pc=0x000002a747d82b1c method=com.sun.tools.javac.code.Type.isInterface()Z @ 4 c2
Event: 18.878 Thread 0x000002a738b54000 Uncommon trap: reason=bimorphic_or_optimized_type_check action=maybe_recompile pc=0x000002a7485bd4e8 method=com.sun.tools.javac.comp.DeferredAttr$DeferredTypeMap.typeOf(Lcom/sun/tools/javac/comp/DeferredAttr$DeferredType;)Lcom/sun/tools/javac/code/Type; @
Event: 18.878 Thread 0x000002a738b54000 Uncommon trap: reason=bimorphic_or_optimized_type_check action=maybe_recompile pc=0x000002a7485bd4e8 method=com.sun.tools.javac.comp.DeferredAttr$DeferredTypeMap.typeOf(Lcom/sun/tools/javac/comp/DeferredAttr$DeferredType;)Lcom/sun/tools/javac/code/Type; @
Event: 18.936 Thread 0x000002a738b54000 Uncommon trap: reason=unstable_if action=reinterpret pc=0x000002a7485bb2e4 method=com.sun.tools.javac.code.Types.isAssignable(Lcom/sun/tools/javac/code/Type;Lcom/sun/tools/javac/code/Type;Lcom/sun/tools/javac/util/Warner;)Z @ 55 c2

Classes redefined (0 events):
No events

Internal exceptions (10 events):
Event: 18.982 Thread 0x000002a738b54000 Exception <a 'sun/nio/fs/WindowsException'{0x0000000097b90470}> (0x0000000097b90470) thrown at [./open/src/hotspot/share/prims/jni.cpp, line 611]
Event: 18.993 Thread 0x000002a738b54000 Exception <a 'sun/nio/fs/WindowsException'{0x0000000097aa6608}> (0x0000000097aa6608) thrown at [./open/src/hotspot/share/prims/jni.cpp, line 611]
Event: 18.993 Thread 0x000002a738b54000 Exception <a 'sun/nio/fs/WindowsException'{0x0000000097aa6cc0}> (0x0000000097aa6cc0) thrown at [./open/src/hotspot/share/prims/jni.cpp, line 611]
Event: 18.993 Thread 0x000002a738b54000 Exception <a 'sun/nio/fs/WindowsException'{0x0000000097aa7540}> (0x0000000097aa7540) thrown at [./open/src/hotspot/share/prims/jni.cpp, line 611]
Event: 18.996 Thread 0x000002a738b54000 Exception <a 'sun/nio/fs/WindowsException'{0x0000000097ad5650}> (0x0000000097ad5650) thrown at [./open/src/hotspot/share/prims/jni.cpp, line 611]
Event: 18.996 Thread 0x000002a738b54000 Exception <a 'sun/nio/fs/WindowsException'{0x0000000097ad5ce0}> (0x0000000097ad5ce0) thrown at [./open/src/hotspot/share/prims/jni.cpp, line 611]
Event: 18.996 Thread 0x000002a738b54000 Exception <a 'sun/nio/fs/WindowsException'{0x0000000097ad6478}> (0x0000000097ad6478) thrown at [./open/src/hotspot/share/prims/jni.cpp, line 611]
Event: 18.998 Thread 0x000002a738b54000 Exception <a 'sun/nio/fs/WindowsException'{0x0000000097ae4018}> (0x0000000097ae4018) thrown at [./open/src/hotspot/share/prims/jni.cpp, line 611]
Event: 18.998 Thread 0x000002a738b54000 Exception <a 'sun/nio/fs/WindowsException'{0x0000000097ae4690}> (0x0000000097ae4690) thrown at [./open/src/hotspot/share/prims/jni.cpp, line 611]
Event: 18.998 Thread 0x000002a738b54000 Exception <a 'sun/nio/fs/WindowsException'{0x0000000097ae4db0}> (0x0000000097ae4db0) thrown at [./open/src/hotspot/share/prims/jni.cpp, line 611]

Events (10 events):
Event: 18.878 Thread 0x000002a738b54000 DEOPT UNPACKING pc=0x000002a7402565af sp=0x000000d744bfa168 mode 2
Event: 18.878 Thread 0x000002a738b54000 Uncommon trap: trap_request=0xffffffc6 fr.pc=0x000002a7485bd4e8 relative=0x0000000000000c48
Event: 18.878 Thread 0x000002a738b54000 DEOPT PACKING pc=0x000002a7485bd4e8 sp=0x000000d744bfa770
Event: 18.878 Thread 0x000002a738b54000 DEOPT UNPACKING pc=0x000002a7402565af sp=0x000000d744bfa548 mode 2
Event: 18.936 Thread 0x000002a738b54000 Uncommon trap: trap_request=0xffffff4d fr.pc=0x000002a7485bb2e4 relative=0x00000000000003e4
Event: 18.936 Thread 0x000002a738b54000 DEOPT PACKING pc=0x000002a7485bb2e4 sp=0x000000d744bfb2c0
Event: 18.936 Thread 0x000002a738b54000 DEOPT UNPACKING pc=0x000002a7402565af sp=0x000000d744bfb258 mode 2
Event: 18.944 Executing VM operation: ICBufferFull
Event: 18.944 Executing VM operation: ICBufferFull done
Event: 19.011 Executing VM operation: G1CollectForAllocation


Dynamic libraries:
0x00007ff695270000 - 0x00007ff695280000 	C:\Program Files\Java\jdk-11\bin\java.exe
0x00007ffe7d550000 - 0x00007ffe7d767000 	C:\WINDOWS\SYSTEM32\ntdll.dll
0x00007ffe7c4d0000 - 0x00007ffe7c594000 	C:\WINDOWS\System32\KERNEL32.DLL
0x00007ffe7a930000 - 0x00007ffe7acdc000 	C:\WINDOWS\System32\KERNELBASE.dll
0x00007ffe7ace0000 - 0x00007ffe7adf1000 	C:\WINDOWS\System32\ucrtbase.dll
0x00007ffe65250000 - 0x00007ffe6526b000 	C:\Program Files\Java\jdk-11\bin\VCRUNTIME140.dll
0x00007ffe5d9c0000 - 0x00007ffe5d9d9000 	C:\Program Files\Java\jdk-11\bin\jli.dll
0x00007ffe7ce10000 - 0x00007ffe7cec2000 	C:\WINDOWS\System32\ADVAPI32.dll
0x00007ffe7bcd0000 - 0x00007ffe7bd77000 	C:\WINDOWS\System32\msvcrt.dll
0x00007ffe7c2e0000 - 0x00007ffe7c38a000 	C:\WINDOWS\System32\sechost.dll
0x00007ffe7a900000 - 0x00007ffe7a928000 	C:\WINDOWS\System32\bcrypt.dll
0x00007ffe7d3c0000 - 0x00007ffe7d4d5000 	C:\WINDOWS\System32\RPCRT4.dll
0x00007ffe7b290000 - 0x00007ffe7b43e000 	C:\WINDOWS\System32\USER32.dll
0x00007ffe7b260000 - 0x00007ffe7b286000 	C:\WINDOWS\System32\win32u.dll
0x00007ffe5b160000 - 0x00007ffe5b3f3000 	C:\WINDOWS\WinSxS\amd64_microsoft.windows.common-controls_6595b64144ccf1df_6.0.22621.3672_none_2713b9d173822955\COMCTL32.dll
0x00007ffe7d4e0000 - 0x00007ffe7d509000 	C:\WINDOWS\System32\GDI32.dll
0x00007ffe7ae00000 - 0x00007ffe7af19000 	C:\WINDOWS\System32\gdi32full.dll
0x00007ffe7af90000 - 0x00007ffe7b02a000 	C:\WINDOWS\System32\msvcp_win.dll
0x00007ffe6e3f0000 - 0x00007ffe6e3fa000 	C:\WINDOWS\SYSTEM32\VERSION.dll
0x00007ffe7bc90000 - 0x00007ffe7bcc1000 	C:\WINDOWS\System32\IMM32.DLL
0x00007ffe749d0000 - 0x00007ffe749dc000 	C:\Program Files\Java\jdk-11\bin\vcruntime140_1.dll
0x00007ffe47880000 - 0x00007ffe4790e000 	C:\Program Files\Java\jdk-11\bin\msvcp140.dll
0x00007ffda3040000 - 0x00007ffda3bad000 	C:\Program Files\Java\jdk-11\bin\server\jvm.dll
0x00007ffe7d1b0000 - 0x00007ffe7d1b8000 	C:\WINDOWS\System32\PSAPI.DLL
0x00007ffe74850000 - 0x00007ffe74884000 	C:\WINDOWS\SYSTEM32\WINMM.dll
0x00007ffe59960000 - 0x00007ffe59969000 	C:\WINDOWS\SYSTEM32\WSOCK32.dll
0x00007ffe7d220000 - 0x00007ffe7d291000 	C:\WINDOWS\System32\WS2_32.dll
0x00007ffe798b0000 - 0x00007ffe798c8000 	C:\WINDOWS\SYSTEM32\kernel.appcore.dll
0x00007ffe71580000 - 0x00007ffe71590000 	C:\Program Files\Java\jdk-11\bin\verify.dll
0x00007ffe6eff0000 - 0x00007ffe6f222000 	C:\WINDOWS\SYSTEM32\DBGHELP.DLL
0x00007ffe7b900000 - 0x00007ffe7bc88000 	C:\WINDOWS\System32\combase.dll
0x00007ffe7ced0000 - 0x00007ffe7cfa7000 	C:\WINDOWS\System32\OLEAUT32.dll
0x00007ffe5e6f0000 - 0x00007ffe5e722000 	C:\WINDOWS\SYSTEM32\dbgcore.DLL
0x00007ffe7a880000 - 0x00007ffe7a8fb000 	C:\WINDOWS\System32\bcryptPrimitives.dll
0x00007ffe47b70000 - 0x00007ffe47b98000 	C:\Program Files\Java\jdk-11\bin\java.dll
0x00007ffe65650000 - 0x00007ffe6565a000 	C:\Program Files\Java\jdk-11\bin\jimage.dll
0x00007ffe5d9e0000 - 0x00007ffe5d9f7000 	C:\Program Files\Java\jdk-11\bin\zip.dll
0x00007ffe7c5a0000 - 0x00007ffe7cdfc000 	C:\WINDOWS\System32\SHELL32.dll
0x00007ffe78790000 - 0x00007ffe79087000 	C:\WINDOWS\SYSTEM32\windows.storage.dll
0x00007ffe78650000 - 0x00007ffe7878f000 	C:\WINDOWS\SYSTEM32\wintypes.dll
0x00007ffe7d2c0000 - 0x00007ffe7d3b4000 	C:\WINDOWS\System32\SHCORE.dll
0x00007ffe7d1c0000 - 0x00007ffe7d21e000 	C:\WINDOWS\System32\shlwapi.dll
0x00007ffe7a7b0000 - 0x00007ffe7a7d1000 	C:\WINDOWS\SYSTEM32\profapi.dll
0x00007ffe5d930000 - 0x00007ffe5d949000 	C:\Program Files\Java\jdk-11\bin\net.dll
0x00007ffe75890000 - 0x00007ffe759c6000 	C:\WINDOWS\SYSTEM32\WINHTTP.dll
0x00007ffe79d90000 - 0x00007ffe79df9000 	C:\WINDOWS\system32\mswsock.dll
0x00007ffe47b50000 - 0x00007ffe47b62000 	C:\Program Files\Java\jdk-11\bin\nio.dll
0x0000000069ac0000 - 0x0000000069ae4000 	C:\Users\msiuser\AppData\Local\Temp\jansi-2.4.0-6c51d9c151e1dc0d-jansi.dll

dbghelp: loaded successfully - version: 4.0.5 - missing functions: none
symbol engine: initialized successfully - sym options: 0x614 - pdb path: .;C:\Program Files\Java\jdk-11\bin;C:\WINDOWS\SYSTEM32;C:\WINDOWS\WinSxS\amd64_microsoft.windows.common-controls_6595b64144ccf1df_6.0.22621.3672_none_2713b9d173822955;C:\Program Files\Java\jdk-11\bin\server;C:\Users\msiuser\AppData\Local\Temp

VM Arguments:
jvm_args: -Dmaven.multiModuleProjectDirectory=D:\magnaedu\msisms-api 
java_command: org.apache.maven.wrapper.MavenWrapperMain -Dnetbeans.deploy.debugmode=true -Dnetbeans.deploy=true -DskipTests=true -Dnetbeans.deploy.clientUrlPart=/ -Dexec.vmArgs= -Dexec.appArgs= -Dmaven.ext.class.path=C:\Program Files\NetBeans-19\netbeans\java\maven-nblib\netbeans-eventspy.jar -Dfile.encoding=UTF-8 --no-transfer-progress package
java_class_path (initial): D:\magnaedu\msisms-api\.mvn\wrapper\maven-wrapper.jar
Launcher Type: SUN_STANDARD

[Global flags]
     intx CICompilerCount                          = 4                                         {product} {ergonomic}
     uint ConcGCThreads                            = 2                                         {product} {ergonomic}
     uint G1ConcRefinementThreads                  = 8                                         {product} {ergonomic}
   size_t G1HeapRegionSize                         = 1048576                                   {product} {ergonomic}
    uintx GCDrainStackTargetSize                   = 64                                        {product} {ergonomic}
   size_t InitialHeapSize                          = 123731968                                 {product} {ergonomic}
   size_t MarkStackSize                            = 4194304                                   {product} {ergonomic}
   size_t MaxHeapSize                              = 1967128576                                {product} {ergonomic}
   size_t MaxNewSize                               = 1179648000                                {product} {ergonomic}
   size_t MinHeapDeltaBytes                        = 1048576                                   {product} {ergonomic}
    uintx NonNMethodCodeHeapSize                   = 5836300                                {pd product} {ergonomic}
    uintx NonProfiledCodeHeapSize                  = 122910970                              {pd product} {ergonomic}
    uintx ProfiledCodeHeapSize                     = 122910970                              {pd product} {ergonomic}
    uintx ReservedCodeCacheSize                    = 251658240                              {pd product} {ergonomic}
     bool SegmentedCodeCache                       = true                                      {product} {ergonomic}
     bool UseCompressedClassPointers               = true                                 {lp64_product} {ergonomic}
     bool UseCompressedOops                        = true                                 {lp64_product} {ergonomic}
     bool UseG1GC                                  = true                                      {product} {ergonomic}
     bool UseLargePagesIndividualAllocation        = false                                  {pd product} {ergonomic}

Logging:
Log output configuration:
 #0: stdout all=warning uptime,level,tags
 #1: stderr all=off uptime,level,tags

Environment Variables:
JAVA_HOME=C:\Program Files\Java\jdk-11
PATH=C:\Program Files\Java\jdk-11\bin;C:\Program Files\Common Files\Oracle\Java\javapath;C:\Program Files (x86)\Common Files\Oracle\Java\javapath;C:\windows\system32;C:\windows;C:\windows\System32\Wbem;C:\windows\System32\WindowsPowerShell\v1.0\;C:\windows\System32\OpenSSH\;C:\Program Files\Java\jdk1.8.0_311;C:\Program Files\Microsoft VS Code\bin;C:\Program Files\Git\cmd;C:\xampp\php;C:\ProgramData\ComposerSetup\bin;C:\Program Files\PuTTY\;C:\Program Files\Microsoft SQL Server\150\Tools\Binn\;C:\Program Files\Microsoft SQL Server\Client SDK\ODBC\170\Tools\Binn\;C:\Program Files (x86)\Microsoft SQL Server\150\DTS\Binn\;C:\Program Files (x86)\Microsoft SQL Server\150\Tools\Binn\;C:\Program Files\Microsoft SQL Server\150\DTS\Binn\;C:\Program Files (x86)\Microsoft SQL Server\110\Tools\Binn\ManagementStudio\;C:\Program Files (x86)\Microsoft SQL Server\110\Tools\Binn\;C:\Program Files (x86)\Microsoft Visual Studio 11.0\Common7\IDE\PrivateAssemblies\;C:\Program Files (x86)\Microsoft SQL Server\110\DTS\Binn\;C:\Program Files\Microsoft\Web Platform Installer\;C:\Program Files (x86)\Microsoft ASP.NET\ASP.NET Web Pages\v1.0\;C:\Program Files (x86)\Windows Kits\8.0\Windows Performance Toolkit\;C:\Program Files\Microsoft SQL Server\110\Tools\Binn\;C:\Program Files\dotnet\;C:\Program Files (x86)\dotnet\;C:\WINDOWS\system32;C:\WINDOWS;C:\WINDOWS\System32\Wbem;C:\WINDOWS\System32\WindowsPowerShell\v1.0\;C:\WINDOWS\System32\OpenSSH\;C:\Program Files (x86)\Microsoft SQL Server\160\DTS\Binn\;C:\ProgramData\chocolatey\bin;C:\Program Files\nodejs\;C:\Users\msiuser\AppData\Local\Microsoft\WindowsApps;C:\Users\msiuser\AppData\Roaming\Composer\vendor\bin;C:\Program Files\Azure Data Studio\bin;C:\Program Files (x86)\Sophos\Sophos SSL VPN Client\bin;C:\Users\msiuser\AppData\Local\GitHubDesktop\bin;C:\Users\msiuser\.dotnet\tools;C:\Users\msiuser\AppData\Roaming\npm
USERNAME=msiuser
OS=Windows_NT
PROCESSOR_IDENTIFIER=AMD64 Family 23 Model 104 Stepping 1, AuthenticAMD



---------------  S Y S T E M  ---------------

OS: Windows 11 , 64 bit Build 22621 (10.0.22621.3672)
Hyper-V role detected

CPU:total 8 (initial active 8) (8 cores per cpu, 2 threads per core) family 23 model 104 stepping 1 microcode 0x0, cmov, cx8, fxsr, mmx, sse, sse2, sse3, ssse3, sse4.1, sse4.2, popcnt, avx, avx2, aes, clmul, mmxext, 3dnowpref, lzcnt, sse4a, ht, tsc, tscinvbit, tscinv, bmi1, bmi2, adx, 

Memory: 4k page, system-wide physical 7502M (645M free)
TotalPageFile size 17845M (AvailPageFile size 47M)
current process WorkingSet (physical memory assigned to process): 560M, peak: 575M
current process commit charge ("private bytes"): 594M, peak: 656M

vm_info: Java HotSpot(TM) 64-Bit Server VM (11.0.20+9-LTS-256) for windows-amd64 JRE (11.0.20+9-LTS-256), built on Jun 14 2023 10:34:22 by "mach5one" with MS VC++ 17.1 (VS2022)

END.
