#
# There is insufficient memory for the Java Runtime Environment to continue.
# Native memory allocation (mmap) failed to map 44040192 bytes for Failed to commit area from 0x0000000097a00000 to 0x000000009a400000 of length 44040192.
# Possible reasons:
#   The system is out of physical RAM or swap space
#   The process is running with CompressedOops enabled, and the Java Heap may be blocking the growth of the native heap
# Possible solutions:
#   Reduce memory load on the system
#   Increase physical memory or swap space
#   Check if swap backing store is full
#   Decrease Java heap size (-Xmx/-Xms)
#   Decrease number of Java threads
#   Decrease Java thread stack sizes (-Xss)
#   Set larger code cache with -XX:ReservedCodeCacheSize=
#   JVM is running with Unscaled Compressed Oops mode in which the Java heap is
#     placed in the first 4GB address space. The Java Heap base address is the
#     maximum limit for the native heap growth. Please use -XX:HeapBaseMinAddress
#     to set the Java Heap base and to place the Java Heap above 4GB virtual address.
# This output file may be truncated or incomplete.
#
#  Out of Memory Error (./open/src/hotspot/os/windows/os_windows.cpp:3293), pid=9348, tid=17028
#
# JRE version: Java(TM) SE Runtime Environment 18.9 (11.0.20+9) (build 11.0.20+9-LTS-256)
# Java VM: Java HotSpot(TM) 64-Bit Server VM 18.9 (11.0.20+9-LTS-256, mixed mode, tiered, compressed oops, g1 gc, windows-amd64)
# No core dump will be written. Minidumps are not enabled by default on client versions of Windows
#

---------------  S U M M A R Y ------------

Command Line: -Dmaven.multiModuleProjectDirectory=D:\magnaedu\msisms-api org.apache.maven.wrapper.MavenWrapperMain -Dnetbeans.deploy.debugmode=true -Dnetbeans.deploy=true -DskipTests=true -Dnetbeans.deploy.clientUrlPart=/ -Dexec.vmArgs= -Dexec.appArgs= -Dmaven.ext.class.path=C:\Program Files\NetBeans-19\netbeans\java\maven-nblib\netbeans-eventspy.jar -Dfile.encoding=UTF-8 --no-transfer-progress package

Host: AMD Ryzen 3 5300U with Radeon Graphics         , 8 cores, 7G,  Windows 11 , 64 bit Build 22621 (10.0.22621.3672)
Time: Wed Jun 19 09:16:29 2024 SE Asia Standard Time elapsed time: 12.194233 seconds (0d 0h 0m 12s)

---------------  T H R E A D  ---------------

Current thread (0x000001ed3096b000):  VMThread "VM Thread" [stack: 0x0000004cb4900000,0x0000004cb4a00000] [id=17028]

Stack: [0x0000004cb4900000,0x0000004cb4a00000]
[error occurred during error reporting (printing stack bounds), id 0xc0000005, EXCEPTION_ACCESS_VIOLATION (0xc0000005) at pc=0x000001ed1a630f2d]

Native frames: (J=compiled Java code, j=interpreted, Vv=VM code, C=native code)
V  [jvm.dll+0x6602ba]
V  [jvm.dll+0x7a32af]
V  [jvm.dll+0x7a4979]
V  [jvm.dll+0x7a4f75]
V  [jvm.dll+0x7a4f2b]
V  [jvm.dll+0x65f7c3]
V  [jvm.dll+0x65feb8]
C  [ntdll.dll+0xa504f]
C  [ntdll.dll+0x1e866]
C  [ntdll.dll+0xa403e]
C  0x000001ed1a630f2d

VM_Operation (0x0000004cb43f8c60): G1CollectForAllocation, mode: safepoint, requested by thread 0x000001ed12f54800


---------------  P R O C E S S  ---------------

Threads class SMR info:
_java_thread_list=0x000001ed33c2cdc0, length=12, elements={
0x000001ed12f54800, 0x000001ed3096c000, 0x000001ed3096c800, 0x000001ed312e3000,
0x000001ed30987800, 0x000001ed30989800, 0x000001ed3098c800, 0x000001ed3098d800,
0x000001ed30996800, 0x000001ed3146c000, 0x000001ed32ff8800, 0x000001ed31b16000
}

Java Threads: ( => current thread )
  0x000001ed12f54800 JavaThread "main" [_thread_blocked, id=10816, stack(0x0000004cb4300000,0x0000004cb4400000)]
  0x000001ed3096c000 JavaThread "Reference Handler" daemon [_thread_blocked, id=10204, stack(0x0000004cb4a00000,0x0000004cb4b00000)]
  0x000001ed3096c800 JavaThread "Finalizer" daemon [_thread_blocked, id=21564, stack(0x0000004cb4b00000,0x0000004cb4c00000)]
  0x000001ed312e3000 JavaThread "Signal Dispatcher" daemon [_thread_blocked, id=23400, stack(0x0000004cb4c00000,0x0000004cb4d00000)]
  0x000001ed30987800 JavaThread "Attach Listener" daemon [_thread_blocked, id=21956, stack(0x0000004cb4d00000,0x0000004cb4e00000)]
  0x000001ed30989800 JavaThread "Service Thread" daemon [_thread_blocked, id=5468, stack(0x0000004cb4e00000,0x0000004cb4f00000)]
  0x000001ed3098c800 JavaThread "C2 CompilerThread0" daemon [_thread_blocked, id=14428, stack(0x0000004cb4f00000,0x0000004cb5000000)]
  0x000001ed3098d800 JavaThread "C1 CompilerThread0" daemon [_thread_blocked, id=5920, stack(0x0000004cb5000000,0x0000004cb5100000)]
  0x000001ed30996800 JavaThread "Sweeper thread" daemon [_thread_blocked, id=23428, stack(0x0000004cb5100000,0x0000004cb5200000)]
  0x000001ed3146c000 JavaThread "Common-Cleaner" daemon [_thread_blocked, id=20580, stack(0x0000004cb5300000,0x0000004cb5400000)]
  0x000001ed32ff8800 JavaThread "C2 CompilerThread1" daemon [_thread_blocked, id=23348, stack(0x0000004cb5500000,0x0000004cb5600000)]
  0x000001ed31b16000 JavaThread "C2 CompilerThread2" daemon [_thread_in_native, id=21576, stack(0x0000004cb5800000,0x0000004cb5900000)]

Other Threads:
=>0x000001ed3096b000 VMThread "VM Thread" [stack: 0x0000004cb4900000,0x0000004cb4a00000] [id=17028]
  0x000001ed3146b000 WatcherThread [stack: 0x0000004cb5200000,0x0000004cb5300000] [id=23160]
  0x000001ed12f6a800 GCTaskThread "GC Thread#0" [stack: 0x0000004cb4400000,0x0000004cb4500000] [id=1080]
  0x000001ed3260d800 GCTaskThread "GC Thread#1" [stack: 0x0000004cb5600000,0x0000004cb5700000] [id=4116]
  0x000001ed35784800 GCTaskThread "GC Thread#2" [stack: 0x0000004cb5400000,0x0000004cb5500000] [id=21828]
  0x000001ed37f3d800 GCTaskThread "GC Thread#3" [stack: 0x0000004cb5e00000,0x0000004cb5f00000] [id=1592]
  0x000001ed12f98000 ConcurrentGCThread "G1 Main Marker" [stack: 0x0000004cb4500000,0x0000004cb4600000] [id=9196]
  0x000001ed12f9c800 ConcurrentGCThread "G1 Conc#0" [stack: 0x0000004cb4600000,0x0000004cb4700000] [id=9828]
  0x000001ed33008800 ConcurrentGCThread "G1 Conc#1" [stack: 0x0000004cb5700000,0x0000004cb5800000] [id=22852]
  0x000001ed307b0800 ConcurrentGCThread "G1 Refine#0" [stack: 0x0000004cb4700000,0x0000004cb4800000] [id=4968]
  0x000001ed322f7000 ConcurrentGCThread "G1 Refine#1" [stack: 0x0000004cb5900000,0x0000004cb5a00000] [id=3332]
  0x000001ed34513000 ConcurrentGCThread "G1 Refine#2" [stack: 0x0000004cb5a00000,0x0000004cb5b00000] [id=22408]
  0x000001ed31d91000 ConcurrentGCThread "G1 Refine#3" [stack: 0x0000004cb5b00000,0x0000004cb5c00000] [id=10268]
  0x000001ed32a75000 ConcurrentGCThread "G1 Refine#4" [stack: 0x0000004cb5c00000,0x0000004cb5d00000] [id=22136]
  0x000001ed347be000 ConcurrentGCThread "G1 Refine#5" [stack: 0x0000004cb5d00000,0x0000004cb5e00000] [id=15316]
  0x000001ed307b1000 ConcurrentGCThread "G1 Young RemSet Sampling" [stack: 0x0000004cb4800000,0x0000004cb4900000] [id=18860]

Threads with active compile tasks:
C2 CompilerThread0    12212 8083       4       org.eclipse.persistence.internal.jpa.modelgen.visitors.ElementVisitor::visitExecutable (10 bytes)
C2 CompilerThread1    12212 8135       4       com.sun.tools.javac.jvm.ClassReader::setParameters (348 bytes)
C2 CompilerThread2    12212 8075       4       org.eclipse.persistence.internal.jpa.modelgen.visitors.ElementVisitor::visitExecutable (136 bytes)

VM state:at safepoint (normal execution)

VM Mutex/Monitor currently owned by a thread:  ([mutex/lock_event])
[0x000001ed12f510d0] Threads_lock - owner thread: 0x000001ed3096b000
[0x000001ed12f51c10] Heap_lock - owner thread: 0x000001ed12f54800

Heap address: 0x000000008ac00000, size: 1876 MB, Compressed Oops mode: 32-bit
Narrow klass base: 0x0000000000000000, Narrow klass shift: 3
Compressed class space size: 1073741824 Address: 0x0000000100000000

Heap:
 garbage-first heap   total 253952K, used 118979K [0x000000008ac00000, 0x0000000100000000)
  region size 1024K, 10 young (10240K), 10 survivors (10240K)
 Metaspace       used 39298K, capacity 40094K, committed 40240K, reserved 1085440K
  class space    used 3945K, capacity 4208K, committed 4224K, reserved 1048576K
Heap Regions: E=young(eden), S=young(survivor), O=old, HS=humongous(starts), HC=humongous(continues), CS=collection set, F=free, A=archive, TAMS=top-at-mark-start (previous, next)
|   0|0x000000008ac00000, 0x000000008ad00000, 0x000000008ad00000|100%| O|  |TAMS 0x000000008ad00000, 0x000000008ac00000| Untracked 
|   1|0x000000008ad00000, 0x000000008ae00000, 0x000000008ae00000|100%| O|  |TAMS 0x000000008ae00000, 0x000000008ad00000| Untracked 
|   2|0x000000008ae00000, 0x000000008af00000, 0x000000008af00000|100%| O|  |TAMS 0x000000008af00000, 0x000000008ae00000| Untracked 
|   3|0x000000008af00000, 0x000000008b000000, 0x000000008b000000|100%| O|  |TAMS 0x000000008b000000, 0x000000008af00000| Untracked 
|   4|0x000000008b000000, 0x000000008b100000, 0x000000008b100000|100%| O|  |TAMS 0x000000008b100000, 0x000000008b000000| Untracked 
|   5|0x000000008b100000, 0x000000008b200000, 0x000000008b200000|100%| O|  |TAMS 0x000000008b200000, 0x000000008b100000| Untracked 
|   6|0x000000008b200000, 0x000000008b300000, 0x000000008b300000|100%| O|  |TAMS 0x000000008b300000, 0x000000008b200000| Untracked 
|   7|0x000000008b300000, 0x000000008b400000, 0x000000008b400000|100%| O|  |TAMS 0x000000008b400000, 0x000000008b300000| Untracked 
|   8|0x000000008b400000, 0x000000008b500000, 0x000000008b500000|100%| O|  |TAMS 0x000000008b500000, 0x000000008b400000| Untracked 
|   9|0x000000008b500000, 0x000000008b600000, 0x000000008b600000|100%| O|  |TAMS 0x000000008b600000, 0x000000008b500000| Untracked 
|  10|0x000000008b600000, 0x000000008b700000, 0x000000008b700000|100%| O|  |TAMS 0x000000008b700000, 0x000000008b600000| Untracked 
|  11|0x000000008b700000, 0x000000008b800000, 0x000000008b800000|100%| O|  |TAMS 0x000000008b800000, 0x000000008b700000| Untracked 
|  12|0x000000008b800000, 0x000000008b900000, 0x000000008b900000|100%|HS|  |TAMS 0x000000008b900000, 0x000000008b800000| Complete 
|  13|0x000000008b900000, 0x000000008ba00000, 0x000000008ba00000|100%| O|  |TAMS 0x000000008ba00000, 0x000000008b900000| Untracked 
|  14|0x000000008ba00000, 0x000000008bb00000, 0x000000008bb00000|100%| O|  |TAMS 0x000000008bb00000, 0x000000008ba00000| Untracked 
|  15|0x000000008bb00000, 0x000000008bc00000, 0x000000008bc00000|100%| O|  |TAMS 0x000000008bc00000, 0x000000008bb00000| Untracked 
|  16|0x000000008bc00000, 0x000000008bd00000, 0x000000008bd00000|100%| O|  |TAMS 0x000000008bd00000, 0x000000008bc00000| Untracked 
|  17|0x000000008bd00000, 0x000000008be00000, 0x000000008be00000|100%| O|  |TAMS 0x000000008be00000, 0x000000008bd00000| Untracked 
|  18|0x000000008be00000, 0x000000008bf00000, 0x000000008bf00000|100%| O|  |TAMS 0x000000008bf00000, 0x000000008be00000| Untracked 
|  19|0x000000008bf00000, 0x000000008c000000, 0x000000008c000000|100%| O|  |TAMS 0x000000008c000000, 0x000000008bf00000| Untracked 
|  20|0x000000008c000000, 0x000000008c100000, 0x000000008c100000|100%| O|  |TAMS 0x000000008c100000, 0x000000008c000000| Untracked 
|  21|0x000000008c100000, 0x000000008c200000, 0x000000008c200000|100%| O|  |TAMS 0x000000008c200000, 0x000000008c100000| Untracked 
|  22|0x000000008c200000, 0x000000008c300000, 0x000000008c300000|100%| O|  |TAMS 0x000000008c300000, 0x000000008c200000| Untracked 
|  23|0x000000008c300000, 0x000000008c400000, 0x000000008c400000|100%| O|  |TAMS 0x000000008c400000, 0x000000008c300000| Untracked 
|  24|0x000000008c400000, 0x000000008c500000, 0x000000008c500000|100%| O|  |TAMS 0x000000008c500000, 0x000000008c400000| Untracked 
|  25|0x000000008c500000, 0x000000008c600000, 0x000000008c600000|100%| O|  |TAMS 0x000000008c600000, 0x000000008c500000| Untracked 
|  26|0x000000008c600000, 0x000000008c700000, 0x000000008c700000|100%| O|  |TAMS 0x000000008c700000, 0x000000008c600000| Untracked 
|  27|0x000000008c700000, 0x000000008c800000, 0x000000008c800000|100%| O|  |TAMS 0x000000008c800000, 0x000000008c700000| Untracked 
|  28|0x000000008c800000, 0x000000008c900000, 0x000000008c900000|100%| O|  |TAMS 0x000000008c900000, 0x000000008c800000| Untracked 
|  29|0x000000008c900000, 0x000000008ca00000, 0x000000008ca00000|100%| O|  |TAMS 0x000000008ca00000, 0x000000008c900000| Untracked 
|  30|0x000000008ca00000, 0x000000008cb00000, 0x000000008cb00000|100%| O|  |TAMS 0x000000008cb00000, 0x000000008ca00000| Untracked 
|  31|0x000000008cb00000, 0x000000008cc00000, 0x000000008cc00000|100%| O|  |TAMS 0x000000008cc00000, 0x000000008cb00000| Untracked 
|  32|0x000000008cc00000, 0x000000008cd00000, 0x000000008cd00000|100%| O|  |TAMS 0x000000008cd00000, 0x000000008cc00000| Untracked 
|  33|0x000000008cd00000, 0x000000008ce00000, 0x000000008ce00000|100%| O|  |TAMS 0x000000008ce00000, 0x000000008cd00000| Untracked 
|  34|0x000000008ce00000, 0x000000008cf00000, 0x000000008cf00000|100%| O|  |TAMS 0x000000008cf00000, 0x000000008ce00000| Untracked 
|  35|0x000000008cf00000, 0x000000008d000000, 0x000000008d000000|100%| O|  |TAMS 0x000000008d000000, 0x000000008cf00000| Untracked 
|  36|0x000000008d000000, 0x000000008d100000, 0x000000008d100000|100%| O|  |TAMS 0x000000008d100000, 0x000000008d000000| Untracked 
|  37|0x000000008d100000, 0x000000008d200000, 0x000000008d200000|100%| O|  |TAMS 0x000000008d200000, 0x000000008d100000| Untracked 
|  38|0x000000008d200000, 0x000000008d300000, 0x000000008d300000|100%| O|  |TAMS 0x000000008d300000, 0x000000008d200000| Untracked 
|  39|0x000000008d300000, 0x000000008d400000, 0x000000008d400000|100%| O|  |TAMS 0x000000008d400000, 0x000000008d300000| Untracked 
|  40|0x000000008d400000, 0x000000008d500000, 0x000000008d500000|100%| O|  |TAMS 0x000000008d500000, 0x000000008d400000| Untracked 
|  41|0x000000008d500000, 0x000000008d600000, 0x000000008d600000|100%| O|  |TAMS 0x000000008d600000, 0x000000008d500000| Untracked 
|  42|0x000000008d600000, 0x000000008d700000, 0x000000008d700000|100%| O|  |TAMS 0x000000008d700000, 0x000000008d600000| Untracked 
|  43|0x000000008d700000, 0x000000008d800000, 0x000000008d800000|100%|HS|  |TAMS 0x000000008d800000, 0x000000008d700000| Complete 
|  44|0x000000008d800000, 0x000000008d900000, 0x000000008d900000|100%|HS|  |TAMS 0x000000008d900000, 0x000000008d800000| Complete 
|  45|0x000000008d900000, 0x000000008da00000, 0x000000008da00000|100%| O|  |TAMS 0x000000008da00000, 0x000000008d900000| Untracked 
|  46|0x000000008da00000, 0x000000008db00000, 0x000000008db00000|100%| O|  |TAMS 0x000000008db00000, 0x000000008da00000| Untracked 
|  47|0x000000008db00000, 0x000000008dc00000, 0x000000008dc00000|100%| O|  |TAMS 0x000000008dc00000, 0x000000008db00000| Untracked 
|  48|0x000000008dc00000, 0x000000008dd00000, 0x000000008dd00000|100%| O|  |TAMS 0x000000008dd00000, 0x000000008dc00000| Untracked 
|  49|0x000000008dd00000, 0x000000008de00000, 0x000000008de00000|100%| O|  |TAMS 0x000000008de00000, 0x000000008dd00000| Untracked 
|  50|0x000000008de00000, 0x000000008df00000, 0x000000008df00000|100%| O|  |TAMS 0x000000008df00000, 0x000000008de00000| Untracked 
|  51|0x000000008df00000, 0x000000008e000000, 0x000000008e000000|100%| O|  |TAMS 0x000000008e000000, 0x000000008df00000| Untracked 
|  52|0x000000008e000000, 0x000000008e100000, 0x000000008e100000|100%| O|  |TAMS 0x000000008e100000, 0x000000008e000000| Untracked 
|  53|0x000000008e100000, 0x000000008e200000, 0x000000008e200000|100%| O|  |TAMS 0x000000008e200000, 0x000000008e100000| Untracked 
|  54|0x000000008e200000, 0x000000008e300000, 0x000000008e300000|100%| O|  |TAMS 0x000000008e300000, 0x000000008e200000| Untracked 
|  55|0x000000008e300000, 0x000000008e400000, 0x000000008e400000|100%| O|  |TAMS 0x000000008e400000, 0x000000008e300000| Untracked 
|  56|0x000000008e400000, 0x000000008e500000, 0x000000008e500000|100%| O|  |TAMS 0x000000008e500000, 0x000000008e400000| Untracked 
|  57|0x000000008e500000, 0x000000008e600000, 0x000000008e600000|100%| O|  |TAMS 0x000000008e600000, 0x000000008e500000| Untracked 
|  58|0x000000008e600000, 0x000000008e700000, 0x000000008e700000|100%| O|  |TAMS 0x000000008e700000, 0x000000008e600000| Untracked 
|  59|0x000000008e700000, 0x000000008e800000, 0x000000008e800000|100%| O|  |TAMS 0x000000008e800000, 0x000000008e700000| Untracked 
|  60|0x000000008e800000, 0x000000008e900000, 0x000000008e900000|100%| O|  |TAMS 0x000000008e900000, 0x000000008e800000| Untracked 
|  61|0x000000008e900000, 0x000000008ea00000, 0x000000008ea00000|100%| O|  |TAMS 0x000000008ea00000, 0x000000008e900000| Untracked 
|  62|0x000000008ea00000, 0x000000008eb00000, 0x000000008eb00000|100%| O|  |TAMS 0x000000008eb00000, 0x000000008ea00000| Untracked 
|  63|0x000000008eb00000, 0x000000008ec00000, 0x000000008ec00000|100%| O|  |TAMS 0x000000008ec00000, 0x000000008eb00000| Untracked 
|  64|0x000000008ec00000, 0x000000008ed00000, 0x000000008ed00000|100%| O|  |TAMS 0x000000008ed00000, 0x000000008ec00000| Untracked 
|  65|0x000000008ed00000, 0x000000008ee00000, 0x000000008ee00000|100%| O|  |TAMS 0x000000008ee00000, 0x000000008ed00000| Untracked 
|  66|0x000000008ee00000, 0x000000008ee00000, 0x000000008ef00000|  0%| F|  |TAMS 0x000000008ee00000, 0x000000008ee00000| Untracked 
|  67|0x000000008ef00000, 0x000000008ef00000, 0x000000008f000000|  0%| F|  |TAMS 0x000000008ef00000, 0x000000008ef00000| Untracked 
|  68|0x000000008f000000, 0x000000008f100000, 0x000000008f100000|100%| O|  |TAMS 0x000000008f100000, 0x000000008f000000| Untracked 
|  69|0x000000008f100000, 0x000000008f200000, 0x000000008f200000|100%| O|  |TAMS 0x000000008f200000, 0x000000008f100000| Untracked 
|  70|0x000000008f200000, 0x000000008f300000, 0x000000008f300000|100%| O|  |TAMS 0x000000008f300000, 0x000000008f200000| Untracked 
|  71|0x000000008f300000, 0x000000008f400000, 0x000000008f400000|100%| O|  |TAMS 0x000000008f400000, 0x000000008f300000| Untracked 
|  72|0x000000008f400000, 0x000000008f500000, 0x000000008f500000|100%| O|  |TAMS 0x000000008f500000, 0x000000008f400000| Untracked 
|  73|0x000000008f500000, 0x000000008f600000, 0x000000008f600000|100%| O|  |TAMS 0x000000008f600000, 0x000000008f500000| Untracked 
|  74|0x000000008f600000, 0x000000008f700000, 0x000000008f700000|100%| O|  |TAMS 0x000000008f700000, 0x000000008f600000| Untracked 
|  75|0x000000008f700000, 0x000000008f800000, 0x000000008f800000|100%| O|  |TAMS 0x000000008f800000, 0x000000008f700000| Untracked 
|  76|0x000000008f800000, 0x000000008f900000, 0x000000008f900000|100%| O|  |TAMS 0x000000008f900000, 0x000000008f800000| Untracked 
|  77|0x000000008f900000, 0x000000008fa00000, 0x000000008fa00000|100%| O|  |TAMS 0x000000008fa00000, 0x000000008f900000| Untracked 
|  78|0x000000008fa00000, 0x000000008fb00000, 0x000000008fb00000|100%| O|  |TAMS 0x000000008fb00000, 0x000000008fa00000| Untracked 
|  79|0x000000008fb00000, 0x000000008fc00000, 0x000000008fc00000|100%| O|  |TAMS 0x000000008fc00000, 0x000000008fb00000| Untracked 
|  80|0x000000008fc00000, 0x000000008fd00000, 0x000000008fd00000|100%| O|  |TAMS 0x000000008fd00000, 0x000000008fc00000| Untracked 
|  81|0x000000008fd00000, 0x000000008fe00000, 0x000000008fe00000|100%| O|  |TAMS 0x000000008fd00000, 0x000000008fd00000| Untracked 
|  82|0x000000008fe00000, 0x000000008ff00000, 0x000000008ff00000|100%|HS|  |TAMS 0x000000008fe00000, 0x000000008fe00000| Complete 
|  83|0x000000008ff00000, 0x0000000090000000, 0x0000000090000000|100%| O|  |TAMS 0x000000008ff00000, 0x000000008ff00000| Untracked 
|  84|0x0000000090000000, 0x0000000090100000, 0x0000000090100000|100%| O|  |TAMS 0x0000000090000000, 0x0000000090000000| Untracked 
|  85|0x0000000090100000, 0x0000000090200000, 0x0000000090200000|100%| O|  |TAMS 0x0000000090100000, 0x0000000090100000| Untracked 
|  86|0x0000000090200000, 0x0000000090300000, 0x0000000090300000|100%| O|  |TAMS 0x0000000090200000, 0x0000000090200000| Untracked 
|  87|0x0000000090300000, 0x0000000090400000, 0x0000000090400000|100%| O|  |TAMS 0x0000000090300000, 0x0000000090300000| Untracked 
|  88|0x0000000090400000, 0x0000000090500000, 0x0000000090500000|100%| O|  |TAMS 0x0000000090400000, 0x0000000090400000| Untracked 
|  89|0x0000000090500000, 0x0000000090600000, 0x0000000090600000|100%|HS|  |TAMS 0x0000000090500000, 0x0000000090500000| Complete 
|  90|0x0000000090600000, 0x0000000090700000, 0x0000000090700000|100%|HC|  |TAMS 0x0000000090600000, 0x0000000090600000| Complete 
|  91|0x0000000090700000, 0x0000000090800000, 0x0000000090800000|100%|HC|  |TAMS 0x0000000090700000, 0x0000000090700000| Complete 
|  92|0x0000000090800000, 0x0000000090900000, 0x0000000090900000|100%| O|  |TAMS 0x0000000090800000, 0x0000000090800000| Untracked 
|  93|0x0000000090900000, 0x0000000090a00000, 0x0000000090a00000|100%| O|  |TAMS 0x0000000090900000, 0x0000000090900000| Untracked 
|  94|0x0000000090a00000, 0x0000000090b00000, 0x0000000090b00000|100%| O|  |TAMS 0x0000000090a00000, 0x0000000090a00000| Untracked 
|  95|0x0000000090b00000, 0x0000000090c00000, 0x0000000090c00000|100%| O|  |TAMS 0x0000000090b00000, 0x0000000090b00000| Untracked 
|  96|0x0000000090c00000, 0x0000000090d00000, 0x0000000090d00000|100%| O|  |TAMS 0x0000000090c00000, 0x0000000090c00000| Untracked 
|  97|0x0000000090d00000, 0x0000000090e00000, 0x0000000090e00000|100%| O|  |TAMS 0x0000000090d00000, 0x0000000090d00000| Untracked 
|  98|0x0000000090e00000, 0x0000000090f00000, 0x0000000090f00000|100%| O|  |TAMS 0x0000000090e00000, 0x0000000090e00000| Untracked 
|  99|0x0000000090f00000, 0x0000000091000000, 0x0000000091000000|100%| O|  |TAMS 0x0000000090f00000, 0x0000000090f00000| Untracked 
| 100|0x0000000091000000, 0x0000000091100000, 0x0000000091100000|100%| O|  |TAMS 0x0000000091000000, 0x0000000091000000| Untracked 
| 101|0x0000000091100000, 0x0000000091200000, 0x0000000091200000|100%| O|  |TAMS 0x0000000091100000, 0x0000000091100000| Untracked 
| 102|0x0000000091200000, 0x0000000091300000, 0x0000000091300000|100%| O|  |TAMS 0x0000000091200000, 0x0000000091200000| Untracked 
| 103|0x0000000091300000, 0x0000000091400000, 0x0000000091400000|100%| O|  |TAMS 0x0000000091300000, 0x0000000091300000| Untracked 
| 104|0x0000000091400000, 0x0000000091500000, 0x0000000091500000|100%| O|  |TAMS 0x0000000091400000, 0x0000000091400000| Untracked 
| 105|0x0000000091500000, 0x0000000091600000, 0x0000000091600000|100%| O|  |TAMS 0x0000000091500000, 0x0000000091500000| Untracked 
| 106|0x0000000091600000, 0x0000000091700000, 0x0000000091700000|100%| O|  |TAMS 0x0000000091600000, 0x0000000091600000| Untracked 
| 107|0x0000000091700000, 0x0000000091800000, 0x0000000091800000|100%| O|  |TAMS 0x0000000091700000, 0x0000000091700000| Untracked 
| 108|0x0000000091800000, 0x0000000091830e00, 0x0000000091900000| 19%| O|  |TAMS 0x0000000091800000, 0x0000000091800000| Untracked 
| 109|0x0000000091900000, 0x0000000091900000, 0x0000000091a00000|  0%| F|  |TAMS 0x0000000091900000, 0x0000000091900000| Untracked 
| 110|0x0000000091a00000, 0x0000000091a00000, 0x0000000091b00000|  0%| F|  |TAMS 0x0000000091a00000, 0x0000000091a00000| Untracked 
| 111|0x0000000091b00000, 0x0000000091b00000, 0x0000000091c00000|  0%| F|  |TAMS 0x0000000091b00000, 0x0000000091b00000| Untracked 
| 112|0x0000000091c00000, 0x0000000091c00000, 0x0000000091d00000|  0%| F|  |TAMS 0x0000000091c00000, 0x0000000091c00000| Untracked 
| 113|0x0000000091d00000, 0x0000000091d00000, 0x0000000091e00000|  0%| F|  |TAMS 0x0000000091d00000, 0x0000000091d00000| Untracked 
| 114|0x0000000091e00000, 0x0000000091e00000, 0x0000000091f00000|  0%| F|  |TAMS 0x0000000091e00000, 0x0000000091e00000| Untracked 
| 115|0x0000000091f00000, 0x0000000091f00000, 0x0000000092000000|  0%| F|  |TAMS 0x0000000091f00000, 0x0000000091f00000| Untracked 
| 116|0x0000000092000000, 0x0000000092100000, 0x0000000092100000|100%| S|CS|TAMS 0x0000000092000000, 0x0000000092000000| Complete 
| 117|0x0000000092100000, 0x0000000092200000, 0x0000000092200000|100%| S|CS|TAMS 0x0000000092100000, 0x0000000092100000| Complete 
| 118|0x0000000092200000, 0x0000000092300000, 0x0000000092300000|100%| S|CS|TAMS 0x0000000092200000, 0x0000000092200000| Complete 
| 119|0x0000000092300000, 0x0000000092400000, 0x0000000092400000|100%| S|CS|TAMS 0x0000000092300000, 0x0000000092300000| Complete 
| 120|0x0000000092400000, 0x0000000092400000, 0x0000000092500000|  0%| F|  |TAMS 0x0000000092400000, 0x0000000092400000| Untracked 
| 121|0x0000000092500000, 0x0000000092500000, 0x0000000092600000|  0%| F|  |TAMS 0x0000000092500000, 0x0000000092500000| Untracked 
| 122|0x0000000092600000, 0x0000000092600000, 0x0000000092700000|  0%| F|  |TAMS 0x0000000092600000, 0x0000000092600000| Untracked 
| 123|0x0000000092700000, 0x0000000092700000, 0x0000000092800000|  0%| F|  |TAMS 0x0000000092700000, 0x0000000092700000| Untracked 
| 124|0x0000000092800000, 0x0000000092800000, 0x0000000092900000|  0%| F|  |TAMS 0x0000000092800000, 0x0000000092800000| Untracked 
| 125|0x0000000092900000, 0x0000000092900000, 0x0000000092a00000|  0%| F|  |TAMS 0x0000000092900000, 0x0000000092900000| Untracked 
| 126|0x0000000092a00000, 0x0000000092b00000, 0x0000000092b00000|100%| S|CS|TAMS 0x0000000092a00000, 0x0000000092a00000| Complete 
| 127|0x0000000092b00000, 0x0000000092c00000, 0x0000000092c00000|100%| S|CS|TAMS 0x0000000092b00000, 0x0000000092b00000| Complete 
| 128|0x0000000092c00000, 0x0000000092d00000, 0x0000000092d00000|100%| S|CS|TAMS 0x0000000092c00000, 0x0000000092c00000| Complete 
| 129|0x0000000092d00000, 0x0000000092e00000, 0x0000000092e00000|100%| S|CS|TAMS 0x0000000092d00000, 0x0000000092d00000| Complete 
| 130|0x0000000092e00000, 0x0000000092e00000, 0x0000000092f00000|  0%| F|  |TAMS 0x0000000092e00000, 0x0000000092e00000| Untracked 
| 131|0x0000000092f00000, 0x0000000092f00000, 0x0000000093000000|  0%| F|  |TAMS 0x0000000092f00000, 0x0000000092f00000| Untracked 
| 132|0x0000000093000000, 0x0000000093000000, 0x0000000093100000|  0%| F|  |TAMS 0x0000000093000000, 0x0000000093000000| Untracked 
| 133|0x0000000093100000, 0x0000000093200000, 0x0000000093200000|100%| S|CS|TAMS 0x0000000093100000, 0x0000000093100000| Complete 
| 134|0x0000000093200000, 0x0000000093300000, 0x0000000093300000|100%| S|CS|TAMS 0x0000000093200000, 0x0000000093200000| Complete 
| 135|0x0000000093300000, 0x0000000093300000, 0x0000000093400000|  0%| F|  |TAMS 0x0000000093300000, 0x0000000093300000| Untracked 
| 136|0x0000000093400000, 0x0000000093400000, 0x0000000093500000|  0%| F|  |TAMS 0x0000000093400000, 0x0000000093400000| Untracked 
| 137|0x0000000093500000, 0x0000000093500000, 0x0000000093600000|  0%| F|  |TAMS 0x0000000093500000, 0x0000000093500000| Untracked 
| 138|0x0000000093600000, 0x0000000093600000, 0x0000000093700000|  0%| F|  |TAMS 0x0000000093600000, 0x0000000093600000| Untracked 
| 139|0x0000000093700000, 0x0000000093700000, 0x0000000093800000|  0%| F|  |TAMS 0x0000000093700000, 0x0000000093700000| Untracked 
| 140|0x0000000093800000, 0x0000000093800000, 0x0000000093900000|  0%| F|  |TAMS 0x0000000093800000, 0x0000000093800000| Untracked 
| 141|0x0000000093900000, 0x0000000093900000, 0x0000000093a00000|  0%| F|  |TAMS 0x0000000093900000, 0x0000000093900000| Untracked 
| 142|0x0000000093a00000, 0x0000000093a00000, 0x0000000093b00000|  0%| F|  |TAMS 0x0000000093a00000, 0x0000000093a00000| Untracked 
| 143|0x0000000093b00000, 0x0000000093b00000, 0x0000000093c00000|  0%| F|  |TAMS 0x0000000093b00000, 0x0000000093b00000| Untracked 
| 144|0x0000000093c00000, 0x0000000093c00000, 0x0000000093d00000|  0%| F|  |TAMS 0x0000000093c00000, 0x0000000093c00000| Untracked 
| 145|0x0000000093d00000, 0x0000000093d00000, 0x0000000093e00000|  0%| F|  |TAMS 0x0000000093d00000, 0x0000000093d00000| Untracked 
| 146|0x0000000093e00000, 0x0000000093e00000, 0x0000000093f00000|  0%| F|  |TAMS 0x0000000093e00000, 0x0000000093e00000| Untracked 
| 147|0x0000000093f00000, 0x0000000093f00000, 0x0000000094000000|  0%| F|  |TAMS 0x0000000093f00000, 0x0000000093f00000| Untracked 
| 148|0x0000000094000000, 0x0000000094000000, 0x0000000094100000|  0%| F|  |TAMS 0x0000000094000000, 0x0000000094000000| Untracked 
| 149|0x0000000094100000, 0x0000000094100000, 0x0000000094200000|  0%| F|  |TAMS 0x0000000094100000, 0x0000000094100000| Untracked 
| 150|0x0000000094200000, 0x0000000094200000, 0x0000000094300000|  0%| F|  |TAMS 0x0000000094200000, 0x0000000094200000| Untracked 
| 151|0x0000000094300000, 0x0000000094300000, 0x0000000094400000|  0%| F|  |TAMS 0x0000000094300000, 0x0000000094300000| Untracked 
| 152|0x0000000094400000, 0x0000000094400000, 0x0000000094500000|  0%| F|  |TAMS 0x0000000094400000, 0x0000000094400000| Untracked 
| 153|0x0000000094500000, 0x0000000094500000, 0x0000000094600000|  0%| F|  |TAMS 0x0000000094500000, 0x0000000094500000| Untracked 
| 154|0x0000000094600000, 0x0000000094600000, 0x0000000094700000|  0%| F|  |TAMS 0x0000000094600000, 0x0000000094600000| Untracked 
| 155|0x0000000094700000, 0x0000000094700000, 0x0000000094800000|  0%| F|  |TAMS 0x0000000094700000, 0x0000000094700000| Untracked 
| 156|0x0000000094800000, 0x0000000094800000, 0x0000000094900000|  0%| F|  |TAMS 0x0000000094800000, 0x0000000094800000| Untracked 
| 157|0x0000000094900000, 0x0000000094900000, 0x0000000094a00000|  0%| F|  |TAMS 0x0000000094900000, 0x0000000094900000| Untracked 
| 158|0x0000000094a00000, 0x0000000094a00000, 0x0000000094b00000|  0%| F|  |TAMS 0x0000000094a00000, 0x0000000094a00000| Untracked 
| 159|0x0000000094b00000, 0x0000000094b00000, 0x0000000094c00000|  0%| F|  |TAMS 0x0000000094b00000, 0x0000000094b00000| Untracked 
| 160|0x0000000094c00000, 0x0000000094c00000, 0x0000000094d00000|  0%| F|  |TAMS 0x0000000094c00000, 0x0000000094c00000| Untracked 
| 161|0x0000000094d00000, 0x0000000094d00000, 0x0000000094e00000|  0%| F|  |TAMS 0x0000000094d00000, 0x0000000094d00000| Untracked 
| 162|0x0000000094e00000, 0x0000000094e00000, 0x0000000094f00000|  0%| F|  |TAMS 0x0000000094e00000, 0x0000000094e00000| Untracked 
| 163|0x0000000094f00000, 0x0000000094f00000, 0x0000000095000000|  0%| F|  |TAMS 0x0000000094f00000, 0x0000000094f00000| Untracked 
| 164|0x0000000095000000, 0x0000000095000000, 0x0000000095100000|  0%| F|  |TAMS 0x0000000095000000, 0x0000000095000000| Untracked 
| 165|0x0000000095100000, 0x0000000095100000, 0x0000000095200000|  0%| F|  |TAMS 0x0000000095100000, 0x0000000095100000| Untracked 
| 166|0x0000000095200000, 0x0000000095200000, 0x0000000095300000|  0%| F|  |TAMS 0x0000000095200000, 0x0000000095200000| Untracked 
| 167|0x0000000095300000, 0x0000000095300000, 0x0000000095400000|  0%| F|  |TAMS 0x0000000095300000, 0x0000000095300000| Untracked 
| 168|0x0000000095400000, 0x0000000095400000, 0x0000000095500000|  0%| F|  |TAMS 0x0000000095400000, 0x0000000095400000| Untracked 
| 169|0x0000000095500000, 0x0000000095500000, 0x0000000095600000|  0%| F|  |TAMS 0x0000000095500000, 0x0000000095500000| Untracked 
| 170|0x0000000095600000, 0x0000000095600000, 0x0000000095700000|  0%| F|  |TAMS 0x0000000095600000, 0x0000000095600000| Untracked 
| 171|0x0000000095700000, 0x0000000095700000, 0x0000000095800000|  0%| F|  |TAMS 0x0000000095700000, 0x0000000095700000| Untracked 
| 172|0x0000000095800000, 0x0000000095800000, 0x0000000095900000|  0%| F|  |TAMS 0x0000000095800000, 0x0000000095800000| Untracked 
| 173|0x0000000095900000, 0x0000000095900000, 0x0000000095a00000|  0%| F|  |TAMS 0x0000000095900000, 0x0000000095900000| Untracked 
| 174|0x0000000095a00000, 0x0000000095a00000, 0x0000000095b00000|  0%| F|  |TAMS 0x0000000095a00000, 0x0000000095a00000| Untracked 
| 175|0x0000000095b00000, 0x0000000095b00000, 0x0000000095c00000|  0%| F|  |TAMS 0x0000000095b00000, 0x0000000095b00000| Untracked 
| 176|0x0000000095c00000, 0x0000000095c00000, 0x0000000095d00000|  0%| F|  |TAMS 0x0000000095c00000, 0x0000000095c00000| Untracked 
| 177|0x0000000095d00000, 0x0000000095d00000, 0x0000000095e00000|  0%| F|  |TAMS 0x0000000095d00000, 0x0000000095d00000| Untracked 
| 178|0x0000000095e00000, 0x0000000095e00000, 0x0000000095f00000|  0%| F|  |TAMS 0x0000000095e00000, 0x0000000095e00000| Untracked 
| 179|0x0000000095f00000, 0x0000000095f00000, 0x0000000096000000|  0%| F|  |TAMS 0x0000000095f00000, 0x0000000095f00000| Untracked 
| 180|0x0000000096000000, 0x0000000096000000, 0x0000000096100000|  0%| F|  |TAMS 0x0000000096000000, 0x0000000096000000| Untracked 
| 181|0x0000000096100000, 0x0000000096100000, 0x0000000096200000|  0%| F|  |TAMS 0x0000000096100000, 0x0000000096100000| Untracked 
| 182|0x0000000096200000, 0x0000000096200000, 0x0000000096300000|  0%| F|  |TAMS 0x0000000096200000, 0x0000000096200000| Untracked 
| 183|0x0000000096300000, 0x0000000096300000, 0x0000000096400000|  0%| F|  |TAMS 0x0000000096300000, 0x0000000096300000| Untracked 
| 184|0x0000000096400000, 0x0000000096400000, 0x0000000096500000|  0%| F|  |TAMS 0x0000000096400000, 0x0000000096400000| Untracked 
| 185|0x0000000096500000, 0x0000000096500000, 0x0000000096600000|  0%| F|  |TAMS 0x0000000096500000, 0x0000000096500000| Untracked 
| 186|0x0000000096600000, 0x0000000096600000, 0x0000000096700000|  0%| F|  |TAMS 0x0000000096600000, 0x0000000096600000| Untracked 
| 187|0x0000000096700000, 0x0000000096700000, 0x0000000096800000|  0%| F|  |TAMS 0x0000000096700000, 0x0000000096700000| Untracked 
| 188|0x0000000096800000, 0x0000000096800000, 0x0000000096900000|  0%| F|  |TAMS 0x0000000096800000, 0x0000000096800000| Untracked 
| 189|0x0000000096900000, 0x0000000096900000, 0x0000000096a00000|  0%| F|  |TAMS 0x0000000096900000, 0x0000000096900000| Untracked 
| 190|0x0000000096a00000, 0x0000000096a00000, 0x0000000096b00000|  0%| F|  |TAMS 0x0000000096a00000, 0x0000000096a00000| Untracked 
| 191|0x0000000096b00000, 0x0000000096b00000, 0x0000000096c00000|  0%| F|  |TAMS 0x0000000096b00000, 0x0000000096b00000| Untracked 
| 192|0x0000000096c00000, 0x0000000096c00000, 0x0000000096d00000|  0%| F|  |TAMS 0x0000000096c00000, 0x0000000096c00000| Untracked 
| 193|0x0000000096d00000, 0x0000000096d00000, 0x0000000096e00000|  0%| F|  |TAMS 0x0000000096d00000, 0x0000000096d00000| Untracked 
| 194|0x0000000096e00000, 0x0000000096e00000, 0x0000000096f00000|  0%| F|  |TAMS 0x0000000096e00000, 0x0000000096e00000| Untracked 
| 195|0x0000000096f00000, 0x0000000096f00000, 0x0000000097000000|  0%| F|  |TAMS 0x0000000096f00000, 0x0000000096f00000| Untracked 
| 196|0x0000000097000000, 0x0000000097000000, 0x0000000097100000|  0%| F|  |TAMS 0x0000000097000000, 0x0000000097000000| Untracked 
| 197|0x0000000097100000, 0x0000000097100000, 0x0000000097200000|  0%| F|  |TAMS 0x0000000097100000, 0x0000000097100000| Untracked 
| 198|0x0000000097200000, 0x0000000097200000, 0x0000000097300000|  0%| F|  |TAMS 0x0000000097200000, 0x0000000097200000| Untracked 
| 199|0x0000000097300000, 0x0000000097300000, 0x0000000097400000|  0%| F|  |TAMS 0x0000000097300000, 0x0000000097300000| Untracked 
| 200|0x0000000097400000, 0x0000000097400000, 0x0000000097500000|  0%| F|  |TAMS 0x0000000097400000, 0x0000000097400000| Untracked 
| 201|0x0000000097500000, 0x0000000097500000, 0x0000000097600000|  0%| F|  |TAMS 0x0000000097500000, 0x0000000097500000| Untracked 
| 202|0x0000000097600000, 0x0000000097600000, 0x0000000097700000|  0%| F|  |TAMS 0x0000000097600000, 0x0000000097600000| Untracked 
| 203|0x0000000097700000, 0x0000000097700000, 0x0000000097800000|  0%| F|  |TAMS 0x0000000097700000, 0x0000000097700000| Untracked 
| 204|0x0000000097800000, 0x0000000097800000, 0x0000000097900000|  0%| F|  |TAMS 0x0000000097800000, 0x0000000097800000| Untracked 
| 205|0x0000000097900000, 0x0000000097900000, 0x0000000097a00000|  0%| F|  |TAMS 0x0000000097900000, 0x0000000097900000| Untracked 

Card table byte_map: [0x000001ed29d10000,0x000001ed2a0c0000] _byte_map_base: 0x000001ed298ba000

Marking Bits (Prev, Next): (CMBitMap*) 0x000001ed12f8ff98, (CMBitMap*) 0x000001ed12f8ffd0
 Prev Bits: [0x000001ed2a470000, 0x000001ed2c1c0000)
 Next Bits: [0x000001ed2c1c0000, 0x000001ed2df10000)

Polling page: 0x000001ed110f0000

Metaspace:

Usage:
  Non-class:     35.04 MB capacity,    34.52 MB ( 99%) used,   464.41 KB (  1%) free+waste,    68.25 KB ( <1%) overhead. 
      Class:      4.11 MB capacity,     3.85 MB ( 94%) used,   235.58 KB (  6%) free+waste,    27.12 KB ( <1%) overhead. 
       Both:     39.15 MB capacity,    38.38 MB ( 98%) used,   699.98 KB (  2%) free+waste,    95.38 KB ( <1%) overhead. 

Virtual space:
  Non-class space:       36.00 MB reserved,      35.17 MB ( 98%) committed 
      Class space:        1.00 GB reserved,       4.12 MB ( <1%) committed 
             Both:        1.04 GB reserved,      39.30 MB (  4%) committed 

Chunk freelists:
   Non-Class:  256 bytes
       Class:  2.00 KB
        Both:  2.25 KB

CodeHeap 'non-profiled nmethods': size=120000Kb used=6492Kb max_used=6492Kb free=113507Kb
 bounds [0x000001ed22100000, 0x000001ed22760000, 0x000001ed29630000]
CodeHeap 'profiled nmethods': size=120000Kb used=19520Kb max_used=19520Kb free=100479Kb
 bounds [0x000001ed1abd0000, 0x000001ed1bef0000, 0x000001ed22100000]
CodeHeap 'non-nmethods': size=5760Kb used=1145Kb max_used=1252Kb free=4614Kb
 bounds [0x000001ed1a630000, 0x000001ed1a8a0000, 0x000001ed1abd0000]
 total_blobs=8502 nmethods=8019 adapters=394
 compilation: enabled
              stopped_count=0, restarted_count=0
 full_count=0

Compilation events (10 events):
Event: 12.134 Thread 0x000001ed3098d800 8138       3       org.eclipse.persistence.internal.jpa.modelgen.visitors.TypeVisitor::visitTypeVariable (9 bytes)
Event: 12.134 Thread 0x000001ed3098d800 nmethod 8138 0x000001ed1bedf090 code [0x000001ed1bedf220, 0x000001ed1bedf418]
Event: 12.142 Thread 0x000001ed32ff8800 nmethod 8132 0x000001ed22754b10 code [0x000001ed22754da0, 0x000001ed22756810]
Event: 12.143 Thread 0x000001ed32ff8800 8135       4       com.sun.tools.javac.jvm.ClassReader::setParameters (348 bytes)
Event: 12.145 Thread 0x000001ed3098d800 8140       3       java.util.ArrayDeque$DeqIterator::hasNext (13 bytes)
Event: 12.145 Thread 0x000001ed3098d800 nmethod 8140 0x000001ed1bedf510 code [0x000001ed1bedf6a0, 0x000001ed1bedf7f8]
Event: 12.150 Thread 0x000001ed3098d800 8142       3       com.sun.tools.javac.code.Type$ClassType::getKind (30 bytes)
Event: 12.151 Thread 0x000001ed3098d800 nmethod 8142 0x000001ed1bedf890 code [0x000001ed1bedfa60, 0x000001ed1bedfef8]
Event: 12.152 Thread 0x000001ed3098d800 8143       3       com.sun.tools.javac.jvm.ClassReader$16::read (9 bytes)
Event: 12.152 Thread 0x000001ed3098d800 nmethod 8143 0x000001ed1bee0110 code [0x000001ed1bee02c0, 0x000001ed1bee0408]

GC Heap History (10 events):
Event: 10.340 GC heap after
{Heap after GC invocations=21 (full 0):
 garbage-first heap   total 210944K, used 92376K [0x000000008ac00000, 0x0000000100000000)
  region size 1024K, 5 young (5120K), 5 survivors (5120K)
 Metaspace       used 35545K, capacity 36268K, committed 36400K, reserved 1081344K
  class space    used 3619K, capacity 3848K, committed 3968K, reserved 1048576K
}
Event: 10.582 GC heap before
{Heap before GC invocations=21 (full 0):
 garbage-first heap   total 210944K, used 162008K [0x000000008ac00000, 0x0000000100000000)
  region size 1024K, 73 young (74752K), 5 survivors (5120K)
 Metaspace       used 35613K, capacity 36334K, committed 36656K, reserved 1081344K
  class space    used 3620K, capacity 3848K, committed 3968K, reserved 1048576K
}
Event: 10.590 GC heap after
{Heap after GC invocations=22 (full 0):
 garbage-first heap   total 210944K, used 94957K [0x000000008ac00000, 0x0000000100000000)
  region size 1024K, 7 young (7168K), 7 survivors (7168K)
 Metaspace       used 35613K, capacity 36334K, committed 36656K, reserved 1081344K
  class space    used 3620K, capacity 3848K, committed 3968K, reserved 1048576K
}
Event: 10.763 GC heap before
{Heap before GC invocations=22 (full 0):
 garbage-first heap   total 210944K, used 165613K [0x000000008ac00000, 0x0000000100000000)
  region size 1024K, 76 young (77824K), 7 survivors (7168K)
 Metaspace       used 35615K, capacity 36334K, committed 36656K, reserved 1081344K
  class space    used 3620K, capacity 3848K, committed 3968K, reserved 1048576K
}
Event: 10.771 GC heap after
{Heap after GC invocations=23 (full 0):
 garbage-first heap   total 210944K, used 95678K [0x000000008ac00000, 0x0000000100000000)
  region size 1024K, 6 young (6144K), 6 survivors (6144K)
 Metaspace       used 35615K, capacity 36334K, committed 36656K, reserved 1081344K
  class space    used 3620K, capacity 3848K, committed 3968K, reserved 1048576K
}
Event: 10.934 GC heap before
{Heap before GC invocations=23 (full 0):
 garbage-first heap   total 210944K, used 167358K [0x000000008ac00000, 0x0000000100000000)
  region size 1024K, 76 young (77824K), 6 survivors (6144K)
 Metaspace       used 35616K, capacity 36334K, committed 36656K, reserved 1081344K
  class space    used 3620K, capacity 3848K, committed 3968K, reserved 1048576K
}
Event: 10.939 GC heap after
{Heap after GC invocations=24 (full 0):
 garbage-first heap   total 210944K, used 95929K [0x000000008ac00000, 0x0000000100000000)
  region size 1024K, 6 young (6144K), 6 survivors (6144K)
 Metaspace       used 35616K, capacity 36334K, committed 36656K, reserved 1081344K
  class space    used 3620K, capacity 3848K, committed 3968K, reserved 1048576K
}
Event: 11.423 GC heap before
{Heap before GC invocations=24 (full 0):
 garbage-first heap   total 210944K, used 168633K [0x000000008ac00000, 0x0000000100000000)
  region size 1024K, 77 young (78848K), 6 survivors (6144K)
 Metaspace       used 39213K, capacity 39961K, committed 39984K, reserved 1085440K
  class space    used 3943K, capacity 4207K, committed 4224K, reserved 1048576K
}
Event: 11.431 GC heap after
{Heap after GC invocations=25 (full 0):
 garbage-first heap   total 210944K, used 99446K [0x000000008ac00000, 0x0000000100000000)
  region size 1024K, 9 young (9216K), 9 survivors (9216K)
 Metaspace       used 39213K, capacity 39961K, committed 39984K, reserved 1085440K
  class space    used 3943K, capacity 4207K, committed 4224K, reserved 1048576K
}
Event: 12.163 GC heap before
{Heap before GC invocations=25 (full 0):
 garbage-first heap   total 210944K, used 175222K [0x000000008ac00000, 0x0000000100000000)
  region size 1024K, 80 young (81920K), 9 survivors (9216K)
 Metaspace       used 39298K, capacity 40094K, committed 40240K, reserved 1085440K
  class space    used 3945K, capacity 4208K, committed 4224K, reserved 1048576K
}

Deoptimization events (10 events):
Event: 12.025 Thread 0x000001ed12f54800 Uncommon trap: reason=unstable_if action=reinterpret pc=0x000001ed22702138 method=java.util.HashMap.putVal(ILjava/lang/Object;Ljava/lang/Object;ZZ)Ljava/lang/Object; @ 162 c2
Event: 12.025 Thread 0x000001ed12f54800 Uncommon trap: reason=unstable_if action=reinterpret pc=0x000001ed221426e4 method=java.util.HashMap.putVal(ILjava/lang/Object;Ljava/lang/Object;ZZ)Ljava/lang/Object; @ 162 c2
Event: 12.032 Thread 0x000001ed12f54800 Uncommon trap: reason=class_check action=maybe_recompile pc=0x000001ed221329c8 method=java.util.concurrent.ConcurrentHashMap.putVal(Ljava/lang/Object;Ljava/lang/Object;Z)Ljava/lang/Object; @ 242 c2
Event: 12.037 Thread 0x000001ed12f54800 Uncommon trap: reason=unstable_if action=reinterpret pc=0x000001ed221a36ac method=java.util.HashMap.resize()[Ljava/util/HashMap$Node; @ 203 c2
Event: 12.054 Thread 0x000001ed12f54800 Uncommon trap: reason=unstable_if action=reinterpret pc=0x000001ed22749420 method=org.eclipse.persistence.internal.jpa.modelgen.visitors.ElementVisitor.buildMetadataAnnotations(Lorg/eclipse/persistence/internal/jpa/metadata/accessors/objects/MetadataAnnot
Event: 12.060 Thread 0x000001ed12f54800 Uncommon trap: reason=unstable_if action=reinterpret pc=0x000001ed2213282c method=java.util.concurrent.ConcurrentHashMap.putVal(Ljava/lang/Object;Ljava/lang/Object;Z)Ljava/lang/Object; @ 401 c2
Event: 12.061 Thread 0x000001ed12f54800 Uncommon trap: reason=unstable_if action=reinterpret pc=0x000001ed22745a70 method=java.util.concurrent.ConcurrentHashMap.get(Ljava/lang/Object;)Ljava/lang/Object; @ 86 c2
Event: 12.062 Thread 0x000001ed12f54800 Uncommon trap: reason=unstable_if action=reinterpret pc=0x000001ed227430d8 method=java.util.concurrent.ConcurrentHashMap.get(Ljava/lang/Object;)Ljava/lang/Object; @ 86 c2
Event: 12.079 Thread 0x000001ed12f54800 Uncommon trap: reason=class_check action=maybe_recompile pc=0x000001ed2273a0a4 method=com.sun.tools.javac.jvm.ClassReader.readMethod()Lcom/sun/tools/javac/code/Symbol$MethodSymbol; @ 408 c2
Event: 12.142 Thread 0x000001ed12f54800 Uncommon trap: reason=unstable_if action=reinterpret pc=0x000001ed227386cc method=com.sun.tools.javac.code.Type$ClassType.getKind()Ljavax/lang/model/type/TypeKind; @ 17 c2

Classes redefined (0 events):
No events

Internal exceptions (10 events):
Event: 12.148 Thread 0x000001ed12f54800 Exception <a 'sun/nio/fs/WindowsException'{0x00000000934f6c48}> (0x00000000934f6c48) thrown at [./open/src/hotspot/share/prims/jni.cpp, line 611]
Event: 12.148 Thread 0x000001ed12f54800 Exception <a 'sun/nio/fs/WindowsException'{0x00000000934f6f98}> (0x00000000934f6f98) thrown at [./open/src/hotspot/share/prims/jni.cpp, line 611]
Event: 12.160 Thread 0x000001ed12f54800 Exception <a 'sun/nio/fs/WindowsException'{0x00000000933daf78}> (0x00000000933daf78) thrown at [./open/src/hotspot/share/prims/jni.cpp, line 611]
Event: 12.160 Thread 0x000001ed12f54800 Exception <a 'sun/nio/fs/WindowsException'{0x00000000933db258}> (0x00000000933db258) thrown at [./open/src/hotspot/share/prims/jni.cpp, line 611]
Event: 12.161 Thread 0x000001ed12f54800 Exception <a 'sun/nio/fs/WindowsException'{0x00000000933ddd28}> (0x00000000933ddd28) thrown at [./open/src/hotspot/share/prims/jni.cpp, line 611]
Event: 12.161 Thread 0x000001ed12f54800 Exception <a 'sun/nio/fs/WindowsException'{0x00000000933ddfb8}> (0x00000000933ddfb8) thrown at [./open/src/hotspot/share/prims/jni.cpp, line 611]
Event: 12.161 Thread 0x000001ed12f54800 Exception <a 'sun/nio/fs/WindowsException'{0x00000000933e2650}> (0x00000000933e2650) thrown at [./open/src/hotspot/share/prims/jni.cpp, line 611]
Event: 12.161 Thread 0x000001ed12f54800 Exception <a 'sun/nio/fs/WindowsException'{0x00000000933e2920}> (0x00000000933e2920) thrown at [./open/src/hotspot/share/prims/jni.cpp, line 611]
Event: 12.161 Thread 0x000001ed12f54800 Exception <a 'sun/nio/fs/WindowsException'{0x00000000933e48a0}> (0x00000000933e48a0) thrown at [./open/src/hotspot/share/prims/jni.cpp, line 611]
Event: 12.161 Thread 0x000001ed12f54800 Exception <a 'sun/nio/fs/WindowsException'{0x00000000933e4c00}> (0x00000000933e4c00) thrown at [./open/src/hotspot/share/prims/jni.cpp, line 611]

Events (10 events):
Event: 12.062 Thread 0x000001ed12f54800 Uncommon trap: trap_request=0xffffff4d fr.pc=0x000001ed227430d8 relative=0x0000000000000238
Event: 12.062 Thread 0x000001ed12f54800 DEOPT PACKING pc=0x000001ed227430d8 sp=0x0000004cb43fbf00
Event: 12.062 Thread 0x000001ed12f54800 DEOPT UNPACKING pc=0x000001ed1a6565af sp=0x0000004cb43fbe78 mode 2
Event: 12.079 Thread 0x000001ed12f54800 Uncommon trap: trap_request=0xffffffde fr.pc=0x000001ed2273a0a4 relative=0x00000000000011a4
Event: 12.079 Thread 0x000001ed12f54800 DEOPT PACKING pc=0x000001ed2273a0a4 sp=0x0000004cb43f95d0
Event: 12.079 Thread 0x000001ed12f54800 DEOPT UNPACKING pc=0x000001ed1a6565af sp=0x0000004cb43f95b0 mode 2
Event: 12.142 Thread 0x000001ed12f54800 Uncommon trap: trap_request=0xffffff4d fr.pc=0x000001ed227386cc relative=0x000000000000008c
Event: 12.142 Thread 0x000001ed12f54800 DEOPT PACKING pc=0x000001ed227386cc sp=0x0000004cb43fa000
Event: 12.142 Thread 0x000001ed12f54800 DEOPT UNPACKING pc=0x000001ed1a6565af sp=0x0000004cb43f9f90 mode 2
Event: 12.163 Executing VM operation: G1CollectForAllocation


Dynamic libraries:
0x00007ff695270000 - 0x00007ff695280000 	C:\Program Files\Java\jdk-11\bin\java.exe
0x00007ffe7d550000 - 0x00007ffe7d767000 	C:\WINDOWS\SYSTEM32\ntdll.dll
0x00007ffe7c4d0000 - 0x00007ffe7c594000 	C:\WINDOWS\System32\KERNEL32.DLL
0x00007ffe7a930000 - 0x00007ffe7acdc000 	C:\WINDOWS\System32\KERNELBASE.dll
0x00007ffe7ace0000 - 0x00007ffe7adf1000 	C:\WINDOWS\System32\ucrtbase.dll
0x00007ffe65270000 - 0x00007ffe6528b000 	C:\Program Files\Java\jdk-11\bin\VCRUNTIME140.dll
0x00007ffe5d9e0000 - 0x00007ffe5d9f9000 	C:\Program Files\Java\jdk-11\bin\jli.dll
0x00007ffe7ce10000 - 0x00007ffe7cec2000 	C:\WINDOWS\System32\ADVAPI32.dll
0x00007ffe7bcd0000 - 0x00007ffe7bd77000 	C:\WINDOWS\System32\msvcrt.dll
0x00007ffe7c2e0000 - 0x00007ffe7c38a000 	C:\WINDOWS\System32\sechost.dll
0x00007ffe7a900000 - 0x00007ffe7a928000 	C:\WINDOWS\System32\bcrypt.dll
0x00007ffe7d3c0000 - 0x00007ffe7d4d5000 	C:\WINDOWS\System32\RPCRT4.dll
0x00007ffe7b290000 - 0x00007ffe7b43e000 	C:\WINDOWS\System32\USER32.dll
0x00007ffe7b260000 - 0x00007ffe7b286000 	C:\WINDOWS\System32\win32u.dll
0x00007ffe7d4e0000 - 0x00007ffe7d509000 	C:\WINDOWS\System32\GDI32.dll
0x00007ffe5b160000 - 0x00007ffe5b3f3000 	C:\WINDOWS\WinSxS\amd64_microsoft.windows.common-controls_6595b64144ccf1df_6.0.22621.3672_none_2713b9d173822955\COMCTL32.dll
0x00007ffe7ae00000 - 0x00007ffe7af19000 	C:\WINDOWS\System32\gdi32full.dll
0x00007ffe7af90000 - 0x00007ffe7b02a000 	C:\WINDOWS\System32\msvcp_win.dll
0x00007ffe6e3f0000 - 0x00007ffe6e3fa000 	C:\WINDOWS\SYSTEM32\VERSION.dll
0x00007ffe7bc90000 - 0x00007ffe7bcc1000 	C:\WINDOWS\System32\IMM32.DLL
0x00007ffe654f0000 - 0x00007ffe654fc000 	C:\Program Files\Java\jdk-11\bin\vcruntime140_1.dll
0x00007ffe47950000 - 0x00007ffe479de000 	C:\Program Files\Java\jdk-11\bin\msvcp140.dll
0x00007ffda4190000 - 0x00007ffda4cfd000 	C:\Program Files\Java\jdk-11\bin\server\jvm.dll
0x00007ffe7d1b0000 - 0x00007ffe7d1b8000 	C:\WINDOWS\System32\PSAPI.DLL
0x00007ffe74850000 - 0x00007ffe74884000 	C:\WINDOWS\SYSTEM32\WINMM.dll
0x00007ffe59960000 - 0x00007ffe59969000 	C:\WINDOWS\SYSTEM32\WSOCK32.dll
0x00007ffe7d220000 - 0x00007ffe7d291000 	C:\WINDOWS\System32\WS2_32.dll
0x00007ffe798b0000 - 0x00007ffe798c8000 	C:\WINDOWS\SYSTEM32\kernel.appcore.dll
0x00007ffe47a50000 - 0x00007ffe47a60000 	C:\Program Files\Java\jdk-11\bin\verify.dll
0x00007ffe6eff0000 - 0x00007ffe6f222000 	C:\WINDOWS\SYSTEM32\DBGHELP.DLL
0x00007ffe7b900000 - 0x00007ffe7bc88000 	C:\WINDOWS\System32\combase.dll
0x00007ffe7ced0000 - 0x00007ffe7cfa7000 	C:\WINDOWS\System32\OLEAUT32.dll
0x00007ffe5e6f0000 - 0x00007ffe5e722000 	C:\WINDOWS\SYSTEM32\dbgcore.DLL
0x00007ffe7a880000 - 0x00007ffe7a8fb000 	C:\WINDOWS\System32\bcryptPrimitives.dll
0x00007ffe65240000 - 0x00007ffe65268000 	C:\Program Files\Java\jdk-11\bin\java.dll
0x00007ffe47a40000 - 0x00007ffe47a4a000 	C:\Program Files\Java\jdk-11\bin\jimage.dll
0x00007ffe47a20000 - 0x00007ffe47a37000 	C:\Program Files\Java\jdk-11\bin\zip.dll
0x00007ffe7c5a0000 - 0x00007ffe7cdfc000 	C:\WINDOWS\System32\SHELL32.dll
0x00007ffe78790000 - 0x00007ffe79087000 	C:\WINDOWS\SYSTEM32\windows.storage.dll
0x00007ffe78650000 - 0x00007ffe7878f000 	C:\WINDOWS\SYSTEM32\wintypes.dll
0x00007ffe7d2c0000 - 0x00007ffe7d3b4000 	C:\WINDOWS\System32\SHCORE.dll
0x00007ffe7d1c0000 - 0x00007ffe7d21e000 	C:\WINDOWS\System32\shlwapi.dll
0x00007ffe7a7b0000 - 0x00007ffe7a7d1000 	C:\WINDOWS\SYSTEM32\profapi.dll
0x00007ffe47a00000 - 0x00007ffe47a19000 	C:\Program Files\Java\jdk-11\bin\net.dll
0x00007ffe75890000 - 0x00007ffe759c6000 	C:\WINDOWS\SYSTEM32\WINHTTP.dll
0x00007ffe79d90000 - 0x00007ffe79df9000 	C:\WINDOWS\system32\mswsock.dll
0x00007ffe479e0000 - 0x00007ffe479f2000 	C:\Program Files\Java\jdk-11\bin\nio.dll
0x0000000069ac0000 - 0x0000000069ae4000 	C:\Users\msiuser\AppData\Local\Temp\jansi-2.4.0-85e2a9c1e6678e92-jansi.dll

dbghelp: loaded successfully - version: 4.0.5 - missing functions: none
symbol engine: initialized successfully - sym options: 0x614 - pdb path: .;C:\Program Files\Java\jdk-11\bin;C:\WINDOWS\SYSTEM32;C:\WINDOWS\WinSxS\amd64_microsoft.windows.common-controls_6595b64144ccf1df_6.0.22621.3672_none_2713b9d173822955;C:\Program Files\Java\jdk-11\bin\server;C:\Users\msiuser\AppData\Local\Temp

VM Arguments:
jvm_args: -Dmaven.multiModuleProjectDirectory=D:\magnaedu\msisms-api 
java_command: org.apache.maven.wrapper.MavenWrapperMain -Dnetbeans.deploy.debugmode=true -Dnetbeans.deploy=true -DskipTests=true -Dnetbeans.deploy.clientUrlPart=/ -Dexec.vmArgs= -Dexec.appArgs= -Dmaven.ext.class.path=C:\Program Files\NetBeans-19\netbeans\java\maven-nblib\netbeans-eventspy.jar -Dfile.encoding=UTF-8 --no-transfer-progress package
java_class_path (initial): D:\magnaedu\msisms-api\.mvn\wrapper\maven-wrapper.jar
Launcher Type: SUN_STANDARD

[Global flags]
     intx CICompilerCount                          = 4                                         {product} {ergonomic}
     uint ConcGCThreads                            = 2                                         {product} {ergonomic}
     uint G1ConcRefinementThreads                  = 8                                         {product} {ergonomic}
   size_t G1HeapRegionSize                         = 1048576                                   {product} {ergonomic}
    uintx GCDrainStackTargetSize                   = 64                                        {product} {ergonomic}
   size_t InitialHeapSize                          = 123731968                                 {product} {ergonomic}
   size_t MarkStackSize                            = 4194304                                   {product} {ergonomic}
   size_t MaxHeapSize                              = 1967128576                                {product} {ergonomic}
   size_t MaxNewSize                               = 1179648000                                {product} {ergonomic}
   size_t MinHeapDeltaBytes                        = 1048576                                   {product} {ergonomic}
    uintx NonNMethodCodeHeapSize                   = 5836300                                {pd product} {ergonomic}
    uintx NonProfiledCodeHeapSize                  = 122910970                              {pd product} {ergonomic}
    uintx ProfiledCodeHeapSize                     = 122910970                              {pd product} {ergonomic}
    uintx ReservedCodeCacheSize                    = 251658240                              {pd product} {ergonomic}
     bool SegmentedCodeCache                       = true                                      {product} {ergonomic}
     bool UseCompressedClassPointers               = true                                 {lp64_product} {ergonomic}
     bool UseCompressedOops                        = true                                 {lp64_product} {ergonomic}
     bool UseG1GC                                  = true                                      {product} {ergonomic}
     bool UseLargePagesIndividualAllocation        = false                                  {pd product} {ergonomic}

Logging:
Log output configuration:
 #0: stdout all=warning uptime,level,tags
 #1: stderr all=off uptime,level,tags

Environment Variables:
JAVA_HOME=C:\Program Files\Java\jdk-11
PATH=C:\Program Files\Java\jdk-11\bin;C:\Program Files\Common Files\Oracle\Java\javapath;C:\Program Files (x86)\Common Files\Oracle\Java\javapath;C:\windows\system32;C:\windows;C:\windows\System32\Wbem;C:\windows\System32\WindowsPowerShell\v1.0\;C:\windows\System32\OpenSSH\;C:\Program Files\Java\jdk1.8.0_311;C:\Program Files\Microsoft VS Code\bin;C:\Program Files\Git\cmd;C:\xampp\php;C:\ProgramData\ComposerSetup\bin;C:\Program Files\PuTTY\;C:\Program Files\Microsoft SQL Server\150\Tools\Binn\;C:\Program Files\Microsoft SQL Server\Client SDK\ODBC\170\Tools\Binn\;C:\Program Files (x86)\Microsoft SQL Server\150\DTS\Binn\;C:\Program Files (x86)\Microsoft SQL Server\150\Tools\Binn\;C:\Program Files\Microsoft SQL Server\150\DTS\Binn\;C:\Program Files (x86)\Microsoft SQL Server\110\Tools\Binn\ManagementStudio\;C:\Program Files (x86)\Microsoft SQL Server\110\Tools\Binn\;C:\Program Files (x86)\Microsoft Visual Studio 11.0\Common7\IDE\PrivateAssemblies\;C:\Program Files (x86)\Microsoft SQL Server\110\DTS\Binn\;C:\Program Files\Microsoft\Web Platform Installer\;C:\Program Files (x86)\Microsoft ASP.NET\ASP.NET Web Pages\v1.0\;C:\Program Files (x86)\Windows Kits\8.0\Windows Performance Toolkit\;C:\Program Files\Microsoft SQL Server\110\Tools\Binn\;C:\Program Files\dotnet\;C:\Program Files (x86)\dotnet\;C:\WINDOWS\system32;C:\WINDOWS;C:\WINDOWS\System32\Wbem;C:\WINDOWS\System32\WindowsPowerShell\v1.0\;C:\WINDOWS\System32\OpenSSH\;C:\Program Files (x86)\Microsoft SQL Server\160\DTS\Binn\;C:\ProgramData\chocolatey\bin;C:\Program Files\nodejs\;C:\Users\msiuser\AppData\Local\Microsoft\WindowsApps;C:\Users\msiuser\AppData\Roaming\Composer\vendor\bin;C:\Program Files\Azure Data Studio\bin;C:\Program Files (x86)\Sophos\Sophos SSL VPN Client\bin;C:\Users\msiuser\AppData\Local\GitHubDesktop\bin;C:\Users\msiuser\.dotnet\tools;C:\Users\msiuser\AppData\Roaming\npm
USERNAME=msiuser
OS=Windows_NT
PROCESSOR_IDENTIFIER=AMD64 Family 23 Model 104 Stepping 1, AuthenticAMD



---------------  S Y S T E M  ---------------

OS: Windows 11 , 64 bit Build 22621 (10.0.22621.3672)
Hyper-V role detected

CPU:total 8 (initial active 8) (8 cores per cpu, 2 threads per core) family 23 model 104 stepping 1 microcode 0x0, cmov, cx8, fxsr, mmx, sse, sse2, sse3, ssse3, sse4.1, sse4.2, popcnt, avx, avx2, aes, clmul, mmxext, 3dnowpref, lzcnt, sse4a, ht, tsc, tscinvbit, tscinv, bmi1, bmi2, adx, 

Memory: 4k page, system-wide physical 7502M (905M free)
TotalPageFile size 17845M (AvailPageFile size 30M)
current process WorkingSet (physical memory assigned to process): 390M, peak: 409M
current process commit charge ("private bytes"): 424M, peak: 468M

vm_info: Java HotSpot(TM) 64-Bit Server VM (11.0.20+9-LTS-256) for windows-amd64 JRE (11.0.20+9-LTS-256), built on Jun 14 2023 10:34:22 by "mach5one" with MS VC++ 17.1 (VS2022)

END.
